<?xml version="1.0" encoding="UTF-8"?>
<robot generator="Robot 4.0.3 (Python 3.8.5 on win32)" generated="20210827 15:11:23.602" rpa="false" schemaversion="2">
<suite id="s1" name="Robot Tests" source="C:\Users\carl_chou\Documents\Barco\1\robot\robot_tests">
<suite id="s1-s1" name="Robot Test Features" source="C:\Users\carl_chou\Documents\Barco\1\robot\robot_tests\robot_test_features.robot">
<test id="s1-s1-t1" name="Check web device">
<kw name="Check web device" library="robot_test_keywords">
<doc>device is exist</doc>
<kw name="Get Web Data" library="robot_test_steps_requests">
<var>${status}</var>
<msg timestamp="20210827 15:11:26.125" level="INFO">OK
{"notFoundMessage":"","results":[{"canShowInfo":true,"deliveryDate":"01\/01\/0001 00:00:00","description":"BPS P LNS CLD 1.6-2.4:1","imageUrl":"https:\/\/az877327.vo.msecnd.net\/sitecore\/admin\/~\/media\/images\/products\/i - l\/lenses\/cld 16-241.jpg?v=1","installationDate":"11\/30\/2005 13:12:44","partNumber":"R9849880","serviceDate":"01\/01\/0001 00:00:00","warrantyEndDate":"11\/29\/2006 13:12:44"},{"canShowInfo":true,"deliveryDate":"01\/01\/0001 00:00:00","description":"BME P LNS CLD 2.2-4.4:1","imageUrl":"https:\/\/az877327.vo.msecnd.net\/sitecore\/admin\/~\/media\/images\/products\/i - l\/lenses\/cld 22-44.jpg?v=1","installationDate":"01\/01\/0001 00:00:00","partNumber":"R9861080","serviceDate":"01\/01\/0001 00:00:00","warrantyEndDate":"01\/01\/0001 00:00:00"},{"canShowInfo":true,"deliveryDate":"01\/01\/0001 00:00:00","description":"MDRC-2120","imageUrl":"https:\/\/az877327.vo.msecnd.net\/sitecore\/admin\/~\/media\/images\/products\/2008\/clinical review displays\/mdrc-2120.jpg?v=1","installationDate":"01\/01\/0001 00:00:00","partNumber":"K9301900A","serviceDate":"01\/01\/0001 00:00:00","warrantyEndDate":"01\/01\/0001 00:00:00"},{"canShowInfo":true,"deliveryDate":"01\/01\/0001 00:00:00","description":"CLICKSHARE SET EU","imageUrl":"https:\/\/az877327.vo.msecnd.net\/sitecore\/admin\/~\/media\/images\/products\/a - d\/clickshare\/clickshare csc 03_s jpg.jpg?v=1","installationDate":"01\/01\/0001 00:00:00","partNumber":"R9861005EU","serviceDate":"01\/01\/0001 00:00:00","warrantyEndDate":"01\/01\/0001 00:00:00"}],"success":true}</msg>
<msg timestamp="20210827 15:11:26.125" level="INFO">${status} = 
R9849880</msg>
<status status="PASS" starttime="20210827 15:11:23.966" endtime="20210827 15:11:26.125"/>
</kw>
<kw name="Log To Console" library="BuiltIn">
<arg>${status}</arg>
<doc>Logs the given message to the console.</doc>
<status status="PASS" starttime="20210827 15:11:26.125" endtime="20210827 15:11:26.125"/>
</kw>
<status status="PASS" starttime="20210827 15:11:23.966" endtime="20210827 15:11:26.125"/>
</kw>
<status status="PASS" starttime="20210827 15:11:23.950" endtime="20210827 15:11:26.125"/>
</test>
<test id="s1-s1-t2" name="Get web dataEmptyC">
<kw name="Get Empty C" library="robot_test_steps_requests">
<msg timestamp="20210827 15:11:27.191" level="INFO">OK
&lt;!DOCTYPE html&gt;
&lt;html lang="en"&gt;
&lt;head&gt;
    
        &lt;script src="https://www.googleoptimize.com/optimize.js?id=GTM-PBNXFK6"&gt;&lt;/script&gt;

    &lt;meta charset="utf-8"&gt;
    &lt;meta name="viewport" content="width=device-width, initial-scale=1, shrink-to-fit=no"&gt;
    &lt;meta http-equiv="x-ua-compatible" content="ie=edge"&gt;
    &lt;link rel="shortcut icon" href="/favicon.ico?v=3" /&gt;

    &lt;meta itemprop="server-info" content="PRD-CD0" /&gt;
    &lt;meta itemprop="product-version" content="1.0 99" /&gt;
    &lt;meta itemprop="source-version" content="" /&gt;
    &lt;meta itemprop="page-id" content="{37B221F3-0BF9-44AF-9768-FE3E9EE190CB}" /&gt;
    &lt;meta itemprop="name" content="Barco" /&gt;

    &lt;title&gt;Warranty Information - Barco&lt;/title&gt;
        &lt;meta property="og:title" content="Warranty Information" /&gt;
        &lt;meta name="twitter:title" content="Warranty Information" /&gt;
        &lt;meta property="og:url" content="https://www.barco.com/en/clickshare/support/warranty-info" /&gt;
        &lt;meta name="twitter:url" content="https://www.barco.com/en/clickshare/support/warranty-info" /&gt;
        &lt;meta name="twitter:site" content="@Barco" /&gt;
    &lt;meta property="og:site_name" content="Barco" /&gt;
    &lt;meta name="twitter:card" content="summary" /&gt;
        
            &lt;meta name="bar_itemid" content="37b221f3-0bf9-44af-9768-fe3e9ee190cb" /&gt;
            &lt;meta name="bar_templateid" content="b665c9eb-ea26-42a0-9f6a-1ea09e4be4e1" /&gt;
            &lt;meta name="bar_title" content="Warranty Information" /&gt;
            &lt;meta name="bar_productcategories" content="wireless-presentation" /&gt;
            &lt;meta name="bar_markets" content="ClickShare,workplace" /&gt;
            &lt;meta name="bar_availableincountries" content="all" /&gt;
            &lt;meta name="bar_notavailableincountries" content="[]" /&gt;
            &lt;meta name="bar_availableinlanguages" content="all" /&gt;
            &lt;meta name="bar_notavailableinlanguages" content="[]" /&gt;
            &lt;meta name="bar_contextlanguage" content="EN" /&gt;
            &lt;meta name="bar_islanguagefallback" content="False" /&gt;
        
&lt;link rel="preconnect" href="https://in.hotjar.com"&gt;
&lt;link rel="preconnect" href="https://script.hotjar.com"&gt;
&lt;link rel="preconnect" href="https://vars.hotjar.com"&gt;
&lt;link rel="preconnect" href="https://static.hotjar.com"&gt;
&lt;link rel="preconnect" href="https://www.bulletproof-analytics.com"&gt;
&lt;link rel="preconnect" href="https://141-tqb-685.mktoresp.com"&gt;
&lt;link rel="preconnect" href="https://px.ads.linkedin.com"&gt;
&lt;link rel="preconnect" href="https://connect.facebook.net"&gt;
&lt;link rel="preconnect" href="https://bat.bing.com"&gt;
&lt;link rel="preconnect" href="https://az416426.vo.msecnd.net"&gt;
&lt;link rel="preconnect" href="https://dc.services.visualstudio.com"&gt;

    &lt;meta name="Content-Language" content="en" /&gt;



    

&lt;link rel="alternate" hreflang="fr" href="https://www.barco.com:443/fr/clickshare/support/warranty-info" /&gt;
&lt;link rel="alternate" hreflang="it" href="https://www.barco.com:443/it/clickshare/support/warranty-info" /&gt;
&lt;link rel="alternate" hreflang="zh-cn" href="https://www.barco.com:443/zh-cn/clickshare/support/warranty-info" /&gt;
&lt;link rel="alternate" hreflang="ja" href="https://www.barco.com:443/ja/clickshare/support/warranty-info" /&gt;
&lt;link rel="alternate" hreflang="ru" href="https://www.barco.com:443/ru/clickshare/support/warranty-info" /&gt;
&lt;link rel="alternate" hreflang="pt" href="https://www.barco.com:443/pt/clickshare/support/warranty-info" /&gt;
&lt;link rel="alternate" hreflang="ko" href="https://www.barco.com:443/ko/clickshare/support/warranty-info" /&gt;
&lt;link rel="alternate" hreflang="de" href="https://www.barco.com:443/de/clickshare/support/warranty-info" /&gt;
&lt;link rel="alternate" hreflang="es" href="https://www.barco.com:443/es/clickshare/support/warranty-info" /&gt;

    

    &lt;link href="https://az877327.vo.msecnd.net/stylesbundles/clickshare?v=ScI2dM4-1W9ZNdU9_tW4jd5s61fRun9YWImJP-WNslc1&amp;type=style.css" rel="stylesheet"/&gt;
&lt;link href="https://az877327.vo.msecnd.net/stylesbundles/aos?v=eRaM3H8w3SSi38XCPPo_5oBYD_cV8gQkvzWV9AlI2-M1&amp;type=style.css" rel="stylesheet"/&gt;
&lt;link href="https://az877327.vo.msecnd.net/stylesbundles/main.theme-clickshare?v=YIlQNWdwhKIBDPPF9BDul1WoUe6_2Jco69wTjD4ZSck1&amp;type=style.css" rel="stylesheet"/&gt;



    &lt;!-- Application Insights --&gt;
&lt;script type="text/javascript"&gt;
        var appInsights=window.appInsights||function(config){
            function r(config){t[config]=function(){var i=arguments;t.queue.push(function(){t[config].apply(t,i)})}}var t={config:config},u=document,e=window,o="script",s=u.createElement(o),i,f;for(s.src=config.url||"//az416426.vo.msecnd.net/scripts/a/ai.0.js",u.getElementsByTagName(o)[0].parentNode.appendChild(s),t.cookie=u.cookie,t.queue=[],i=["Event","Exception","Metric","PageView","Trace"];i.length;)r("track"+i.pop());return r("setAuthenticatedUserContext"),r("clearAuthenticatedUserContext"),config.disableExceptionTracking||(i="onerror",r("_"+i),f=e[i],e[i]=function(config,r,u,e,o){var s=f&amp;&amp;f(config,r,u,e,o);return s!==!0&amp;&amp;t["_"+i](config,r,u,e,o),s}),t
        }({
            instrumentationKey:"f2fe2757-dded-4395-b812-a62ba5651533"
        });

        window.appInsights=appInsights;
        appInsights.trackPageView();
&lt;/script&gt;
&lt;!-- End Application Insights --&gt;
    &lt;!-- Google consent defaults --&gt;
&lt;script&gt;
        window.dataLayer = window.dataLayer || [];
        function gtag() {
            dataLayer.push(arguments);
        }
        gtag("consent", "default", {
            ad_storage: "denied",
            analytics_storage: "granted",
            wait_for_update: 500
        });
        gtag("set", "ads_data_redaction", true);
&lt;/script&gt;
&lt;!-- END Google consent defaults --&gt;
&lt;script&gt;
    var dataLayer = window.dataLayer || [];
    var pushData = {};
    
        pushData.Market = 'clickshare,workplace';
        pushData.MarketIds = '8ddc55f5-e1f0-4563-bcf2-b6263731b519,2e7012da-88bb-4952-aa96-d5ed0b47051e';
        pushData.ProductCats = 'wireless-presentation';
        pushData.ProductCatIds = '6282e2aa-42d2-4682-8645-581196ae490b';
        pushData.ContextLanguage = 'EN';
        pushData.PublishDate = '2020-04-22T10:08:53';
        pushData.IsLanguageFallback = 'False';
        Object.assign(pushData, {});
    
        
    dataLayer.push(pushData);
&lt;/script&gt;
&lt;!-- Google Tag Manager --&gt;
&lt;script&gt;(function(w,d,s,l,i){w[l]=w[l]||[];w[l].push({'gtm.start':
        new Date().getTime(),event:'gtm.js'});var f=d.getElementsByTagName(s)[0],
        j=d.createElement(s),dl=l!='dataLayer'?'&amp;l='+l:'';j.async=true;j.src=
        '//www.googletagmanager.com/gtm.js?id='+i+dl;f.parentNode.insertBefore(j,f);
})(window,document,'script','dataLayer','GTM-WDDXJL');&lt;/script&gt;
&lt;meta name="context-market" content="clickshare" /&gt;&lt;meta name="context-product-category" content="wireless-presentation" /&gt;&lt;!-- End Google Tag Manager --&gt;
&lt;/head&gt;
    &lt;body class="lang-en  theme-clickshare" data-theme="theme-clickshare" data-context-id="37b221f30bf944af9768fe3e9ee190cb" data-user-id="0"&gt;
        &lt;div class="content-wrapper"&gt; 
            &lt;!-- Google Tag Manager (noscript) --&gt;
&lt;noscript&gt;
    &lt;iframe src="https://www.googletagmanager.com/ns.html?id=GTM-WDDXJL"
            height="0" width="0" style="display:none;visibility:hidden"&gt;&lt;/iframe&gt;
&lt;/noscript&gt;
&lt;!-- End Google Tag Manager (noscript) --&gt;
        
                &lt;meta name="cookie" data-name="RelevantMarkets" data-expires="1" data-domain="" data-category="1" content="Markets={8DDC55F5-E1F0-4563-BCF2-B6263731B519},{2E7012DA-88BB-4952-AA96-D5ED0B47051E}" /&gt;


            

            

            
    


&lt;header class="s-mghdr" data-component-class="MinisiteGlobalHeader.Component" data-component-parm="null" data-coveo="exclude" data-webid="MinisiteGlobalHeader.Component"&gt;    &lt;div class="s-mghdr__container container"&gt;
         &lt;a class="s-mghdr__logo" href="/"&gt;
            &lt;img src="/assets/img/barco-logo.svg" alt="" class="s-mghdr__logo-img"&gt;
         &lt;/a&gt; 

            &lt;nav class="s-mghdr__mainnav"&gt;
                    &lt;div class="s-mghdr__nav-item dropdown d-none d-sm-inline"&gt;
                            &lt;button class="s-mghdr__cta dropdown-toggle svg-icon svg-icon--down" type="button" id="dropdownMenuButton-All of Barco" data-toggle="dropdown" aria-haspopup="true" aria-expanded="false"&gt;
                                All of Barco
                            &lt;/button&gt;
                            &lt;div class="dropdown-menu s-mghdr__dropdown" aria-labelledby="dropdownMenuButton-All of Barco"&gt;
&lt;a href="/en/aboutbarco" class="dropdown-item s-mghdr__dropdown-item u-unstyled-link" target="_blank" &gt;About Barco&lt;/a&gt;&lt;a href="/en/contact" class="dropdown-item s-mghdr__dropdown-item u-unstyled-link" target="_blank" &gt;Contact&lt;/a&gt;&lt;a href="/en/clickshare/news" class="dropdown-item s-mghdr__dropdown-item u-unstyled-link" target="_blank" &gt;News&lt;/a&gt;                            &lt;/div&gt;
                    &lt;/div&gt;
                    &lt;div class="s-mghdr__nav-item dropdown d-none d-sm-inline"&gt;
                            &lt;button class="s-mghdr__cta dropdown-toggle svg-icon svg-icon--down" type="button" id="dropdownMenuButton-Partners" data-toggle="dropdown" aria-haspopup="true" aria-expanded="false"&gt;
                                Partners
                            &lt;/button&gt;
                            &lt;div class="dropdown-menu s-mghdr__dropdown" aria-labelledby="dropdownMenuButton-Partners"&gt;
&lt;a href="/en/clickshare/alliance-partners" class="dropdown-item s-mghdr__dropdown-item u-unstyled-link" &gt;ClickShare Alliance partners&lt;/a&gt;&lt;a href="/en/partners/barcopartnerprogram" class="dropdown-item s-mghdr__dropdown-item u-unstyled-link" &gt;Become a Connect! reseller partner&lt;/a&gt;                            &lt;/div&gt;
                    &lt;/div&gt;
                    &lt;div class="s-mghdr__nav-item dropdown d-none d-sm-inline"&gt;
&lt;a href="https://xms.cloud.barco.com/" class="s-mghdr__cta u-unstyled-link" target="_blank" &gt;XMS login&lt;/a&gt;                    &lt;/div&gt;
            &lt;/nav&gt;

            &lt;nav class="s-mghdr__utilitynav"&gt;
                    &lt;div class="s-mghdr__nav-item"&gt;
                            &lt;a href="/fedauth/login?returnUrl=/en/clickshare/support/warranty-info" class="s-mghdr__cta u-unstyled-link svg-icon svg-icon--user"&gt;
                                &lt;span class="d-none d-md-inline"&gt;myBarco partner zone&lt;/span&gt;
                            &lt;/a&gt;
                    &lt;/div&gt;
                                    &lt;div class="s-mghdr__nav-item"&gt;
                        &lt;a href="/en/clickshare/search" class="s-mghdr__cta u-unstyled-link svg-icon svg-icon--search"&gt;
                            &lt;span class="d-none d-md-inline"&gt;Search&lt;/span&gt;
                        &lt;/a&gt;
                    &lt;/div&gt;

                &lt;!-- &gt;&gt; Hamburger icon --&gt;
                &lt;div class="s-mghdr__nav-item d-sm-none"&gt;
                    &lt;button class="s-mghdr__cta svg-icon svg-icon--mobile-menu" data-selector="toggle-menu-button"&gt;&lt;/button&gt;
                &lt;/div&gt;
                &lt;!-- &lt;&lt; Hamburger icon --&gt;
            &lt;/nav&gt;
        &lt;/div&gt;
    &lt;div class="o-overlay s-mobile-nav__wrapper s-mghdr__mobile-dropdown js-smghdr-overlay"&gt;
        &lt;div class="o-overlay__content s-mobile-nav__content"&gt;
            &lt;div class="s-mobile-nav"&gt;
                    &lt;div class="s-mobile-nav__group"&gt;
                            &lt;h3 class="s-mobile-nav__group-title"&gt;All of Barco&lt;/h3&gt;
                            &lt;ul class="o-list--semantic-only"&gt;
                                    &lt;li class="s-mobile-nav__item"&gt;
                                        &lt;a href="/en/aboutbarco" class="s-mobile-nav__link u-unstyled-link" target="_blank" &gt;About Barco&lt;/a&gt;
                                    &lt;/li&gt;
                                    &lt;li class="s-mobile-nav__item"&gt;
                                        &lt;a href="/en/contact" class="s-mobile-nav__link u-unstyled-link" target="_blank" &gt;Contact&lt;/a&gt;
                                    &lt;/li&gt;
                                    &lt;li class="s-mobile-nav__item"&gt;
                                        &lt;a href="/en/clickshare/news" class="s-mobile-nav__link u-unstyled-link" target="_blank" &gt;News&lt;/a&gt;
                                    &lt;/li&gt;
                            &lt;/ul&gt;
                    &lt;/div&gt;
                    &lt;div class="s-mobile-nav__group"&gt;
                            &lt;h3 class="s-mobile-nav__group-title"&gt;Partners&lt;/h3&gt;
                            &lt;ul class="o-list--semantic-only"&gt;
                                    &lt;li class="s-mobile-nav__item"&gt;
                                        &lt;a href="/en/clickshare/alliance-partners" class="s-mobile-nav__link u-unstyled-link" &gt;ClickShare Alliance partners&lt;/a&gt;
                                    &lt;/li&gt;
                                    &lt;li class="s-mobile-nav__item"&gt;
                                        &lt;a href="/en/partners/barcopartnerprogram" class="s-mobile-nav__link u-unstyled-link" &gt;Become a Connect! reseller partner&lt;/a&gt;
                                    &lt;/li&gt;
                            &lt;/ul&gt;
                    &lt;/div&gt;
                    &lt;div class="s-mobile-nav__group"&gt;
&lt;a href="https://xms.cloud.barco.com/" class="s-mobile-nav__group-title s-mobile-nav__link u-unstyled-link" target="_blank" &gt;XMS login&lt;/a&gt;                    &lt;/div&gt;
            &lt;/div&gt;
        &lt;/div&gt;
    &lt;/div&gt;
&lt;/header&gt;


&lt;header class="s-hdr js-shdr" data-component-class="MinisiteHeader.Component" data-component-parm="null" data-coveo="exclude" data-webid="MinisiteHeader.Component"&gt;    &lt;div class="s-hdr__container container"&gt;
        &lt;div class="s-hdr__content"&gt;
            &lt;div class="s-hdr__brand"&gt;
                &lt;div class="s-hdr__main"&gt; 
                    &lt;a href="/en/clickshare" class="s-hdr__logo u-unstyled-link" &gt;            &lt;img class="s-hdr__logo-img" alt="clickshare" src="/assets/img/clickshare-logo.svg"&gt;
&lt;/a&gt;
                &lt;/div&gt;
              
            &lt;/div&gt;
                &lt;button type="button" class="s-hdr__mobile-button svg-icon svg-icon--down js-shdrbtn d-lg-none"&gt;
                    &lt;span class="sr-only"&gt;Toggle navigation&lt;/span&gt;
                &lt;/button&gt;
        &lt;/div&gt;
    &lt;nav class="s-hdr__nav-wrapper s-mobile-nav__wrapper js-shdrnav"&gt;
        &lt;ul class="s-hdr__nav s-mobile-nav o-list--semantic-only"&gt;
&lt;li class="s-mobile-nav__item s-hdr__nav-item s-hdr__nav-item--lvl0 svg-icon svg-icon--down js-hdr-item"&gt;
&lt;a href="/en/clickshare/wireless-conferencing" class="s-mobile-nav__link s-hdr__cta s-hdr__nav-link u-unstyled-link" &gt;Wireless conferencing&lt;/a&gt;    &lt;div class="s-hdr__submenu"&gt;
        &lt;!-- &gt;&gt; Flyout content --&gt;
        &lt;div class="container s-hdr-flyout__container"&gt;
            &lt;div class="row"&gt;
                    &lt;div class="col-md-3 s-hdr-flyout__overview"&gt;
&lt;a href="/en/clickshare/wireless-conferencing" class="u-unstyled-link s-hdr-flyout__overview-title-link" &gt;                                &lt;div class="s-hdr-flyout__overview-title"&gt;Wireless conferencing&lt;/div&gt;
&lt;/a&gt;                        
                        &lt;p class="s-hdr-flyout__overview-info"&gt;&lt;/p&gt;
                        &lt;div class="s-hdr-flyout__overview-ctas"&gt;
&lt;a href="/en/clickshare/wireless-conferencing" class="btn btn-sm btn-primary" &gt;Explore&lt;/a&gt;                            &lt;a href="/en/clickshare/wireless-conferencing#product-overview" class="btn btn-sm btn-secondary" &gt;View all products&lt;/a&gt;                        &lt;/div&gt;
                    &lt;/div&gt;
                &lt;div class="col o-centered-container__wrapper"&gt;
                    &lt;div class="s-hdr-flyout__products o-centered-container"&gt;
                            &lt;div class="s-hdr-flyout__product"&gt;
&lt;a href="/en/clickshare/wireless-conferencing/cx-20" class="o-media s-hdr-tile u-unstyled-link" &gt;                                    &lt;div class="o-media__img-wrapper s-hdr-tile__img-wrapper"&gt;
                                        &lt;img src="https://az877327.vo.msecnd.net/~/media/clickshare2020/images/product shots top square/cx-20_top_button_square png.png?v=1&amp;amp;la=en&amp;amp;h=120&amp;amp;w=120&amp;amp;mw=120&amp;amp;hash=558F33285F94845347ACFB2DFA434F9FFCD5EA74" class="o-media__img" alt="" /&gt;
                                    &lt;/div&gt;
                                    &lt;div class="o-media__body-wrapper"&gt;
                                        &lt;h2 class="s-hdr-tile__title"&gt;CX-20&lt;/h2&gt;
                                        &lt;p class="s-hdr-tile__info"&gt;Transform huddle rooms into inspiring conferencing spaces&lt;/p&gt;
                                    &lt;/div&gt;
&lt;/a&gt;                            &lt;/div&gt;
                            &lt;div class="s-hdr-flyout__product"&gt;
&lt;a href="/en/clickshare/wireless-conferencing/cx-30" class="o-media s-hdr-tile u-unstyled-link" &gt;                                    &lt;div class="o-media__img-wrapper s-hdr-tile__img-wrapper"&gt;
                                        &lt;img src="https://az877327.vo.msecnd.net/~/media/clickshare2020/images/product shots top square/cx-30_top_buttons_square png.png?v=1&amp;amp;la=en&amp;amp;h=120&amp;amp;w=120&amp;amp;mw=120&amp;amp;hash=AB6C352BF748E8E461615BC54FF5ADEBFBBEA0AF" class="o-media__img" alt="" /&gt;
                                    &lt;/div&gt;
                                    &lt;div class="o-media__body-wrapper"&gt;
                                        &lt;h2 class="s-hdr-tile__title"&gt;CX-30&lt;/h2&gt;
                                        &lt;p class="s-hdr-tile__info"&gt;Enjoy interactive meetings with remote participants&lt;/p&gt;
                                    &lt;/div&gt;
&lt;/a&gt;                            &lt;/div&gt;
                            &lt;div class="s-hdr-flyout__product"&gt;
&lt;a href="/en/clickshare/wireless-conferencing/cx-50" class="o-media s-hdr-tile u-unstyled-link" &gt;                                    &lt;div class="o-media__img-wrapper s-hdr-tile__img-wrapper"&gt;
                                        &lt;img src="https://az877327.vo.msecnd.net/~/media/clickshare2020/images/product shots top square/cx-50_buttons_top_square png.png?v=1&amp;amp;la=en&amp;amp;h=120&amp;amp;w=120&amp;amp;mw=120&amp;amp;hash=543737DFAD906C81F94D1C9394FF879C08F56AD0" class="o-media__img" alt="" /&gt;
                                    &lt;/div&gt;
                                    &lt;div class="o-media__body-wrapper"&gt;
                                        &lt;h2 class="s-hdr-tile__title"&gt;CX-50&lt;/h2&gt;
                                        &lt;p class="s-hdr-tile__info"&gt;Premium wireless conferencing for larger meeting rooms&lt;/p&gt;
                                    &lt;/div&gt;
&lt;/a&gt;                            &lt;/div&gt;
                    &lt;/div&gt;
                &lt;/div&gt;
            &lt;/div&gt;
        &lt;/div&gt;
        &lt;!-- &lt;&lt; Flyout content --&gt;
    &lt;/div&gt;
&lt;/li&gt;


&lt;li class="s-mobile-nav__item s-hdr__nav-item s-hdr__nav-item--lvl0 svg-icon svg-icon--down js-hdr-item"&gt;
&lt;a href="/en/clickshare/wireless-presentation" class="s-mobile-nav__link s-hdr__cta s-hdr__nav-link u-unstyled-link" &gt;Wireless presentation&lt;/a&gt;    &lt;div class="s-hdr__submenu"&gt;
        &lt;!-- &gt;&gt; Flyout content --&gt;
        &lt;div class="container s-hdr-flyout__container"&gt;
            &lt;div class="row"&gt;
                    &lt;div class="col-md-3 s-hdr-flyout__overview"&gt;
&lt;a href="/en/clickshare/wireless-presentation" class="u-unstyled-link s-hdr-flyout__overview-title-link" &gt;                                &lt;div class="s-hdr-flyout__overview-title"&gt;Wireless Presentation&lt;/div&gt;
&lt;/a&gt;                        
                        &lt;p class="s-hdr-flyout__overview-info"&gt;&lt;/p&gt;
                        &lt;div class="s-hdr-flyout__overview-ctas"&gt;
&lt;a href="/en/clickshare/wireless-presentation" class="btn btn-sm btn-primary" &gt;Explore&lt;/a&gt;                            &lt;a href="/en/clickshare/wireless-presentation#product-overview" class="btn btn-sm btn-secondary" &gt;View all products&lt;/a&gt;                        &lt;/div&gt;
                    &lt;/div&gt;
                &lt;div class="col o-centered-container__wrapper"&gt;
                    &lt;div class="s-hdr-flyout__products o-centered-container"&gt;
                            &lt;div class="s-hdr-flyout__product"&gt;
&lt;a href="/en/clickshare/wireless-presentation/c-5" class="o-media s-hdr-tile u-unstyled-link" &gt;                                    &lt;div class="o-media__img-wrapper s-hdr-tile__img-wrapper"&gt;
                                        &lt;img src="https://az877327.vo.msecnd.net/~/media/clickshare2020/images/product shots - transparent/cx-20_top png.png?v=1&amp;amp;la=en&amp;amp;h=120&amp;amp;w=120&amp;amp;mw=120&amp;amp;hash=A4F149D198D997EA333E1607258DA344769E1C27" class="o-media__img" alt="" /&gt;
                                    &lt;/div&gt;
                                    &lt;div class="o-media__body-wrapper"&gt;
                                        &lt;h2 class="s-hdr-tile__title"&gt;C-5&lt;/h2&gt;
                                        &lt;p class="s-hdr-tile__info"&gt;Make hybrid collaboration flow in small to medium sized meeting rooms&lt;/p&gt;
                                    &lt;/div&gt;
&lt;/a&gt;                            &lt;/div&gt;
                            &lt;div class="s-hdr-flyout__product"&gt;
&lt;a href="/en/clickshare/wireless-presentation/c-10" class="o-media s-hdr-tile u-unstyled-link" &gt;                                    &lt;div class="o-media__img-wrapper s-hdr-tile__img-wrapper"&gt;
                                        &lt;img src="https://az877327.vo.msecnd.net/~/media/clickshare2020/images/product shots - transparent/cx-20_top_button png.png?v=1&amp;amp;la=en&amp;amp;h=120&amp;amp;w=120&amp;amp;mw=120&amp;amp;hash=E45F4172EDD414F9005E3E5846A80C3E95DD2EEB" class="o-media__img" alt="" /&gt;
                                    &lt;/div&gt;
                                    &lt;div class="o-media__body-wrapper"&gt;
                                        &lt;h2 class="s-hdr-tile__title"&gt;C-10&lt;/h2&gt;
                                        &lt;p class="s-hdr-tile__info"&gt;The wireless presentation hub for hybrid meeting in medium to large rooms&lt;/p&gt;
                                    &lt;/div&gt;
&lt;/a&gt;                            &lt;/div&gt;
                            &lt;div class="s-hdr-flyout__product"&gt;
&lt;a href="/en/clickshare/wireless-conferencing/cse-family#product-overview" class="o-media s-hdr-tile u-unstyled-link" &gt;                                    &lt;div class="o-media__img-wrapper s-hdr-tile__img-wrapper"&gt;
                                        &lt;img src="https://az877327.vo.msecnd.net/~/media/clickshare2020/images/product shots top square/clickshare-family-old-no-antennas_square png.png?v=1&amp;amp;la=en&amp;amp;h=108&amp;amp;w=120&amp;amp;mw=120&amp;amp;hash=E0E47D577C901935F4F820E2E13E7AB627A5BA08" class="o-media__img" alt="" /&gt;
                                    &lt;/div&gt;
                                    &lt;div class="o-media__body-wrapper"&gt;
                                        &lt;h2 class="s-hdr-tile__title"&gt;CSE range&lt;/h2&gt;
                                        &lt;p class="s-hdr-tile__info"&gt;Wireless presentation systems for small to large meeting rooms&lt;/p&gt;
                                    &lt;/div&gt;
&lt;/a&gt;                            &lt;/div&gt;
                    &lt;/div&gt;
                &lt;/div&gt;
            &lt;/div&gt;
        &lt;/div&gt;
        &lt;!-- &lt;&lt; Flyout content --&gt;
    &lt;/div&gt;
&lt;/li&gt;


&lt;li class="s-mobile-nav__item s-hdr__nav-item s-hdr__nav-item--lvl0 svg-icon svg-icon--down js-hdr-item"&gt;
&lt;a href="/en/clickshare/management-platforms" class="s-mobile-nav__link s-hdr__cta s-hdr__nav-link u-unstyled-link" &gt;Management platforms&lt;/a&gt;    &lt;div class="s-hdr__submenu"&gt;
        &lt;!-- &gt;&gt; Flyout content --&gt;
        &lt;div class="container s-hdr-flyout__container"&gt;
            &lt;div class="row"&gt;
                &lt;div class="col o-centered-container__wrapper"&gt;
                    &lt;div class="s-hdr-flyout__products o-centered-container"&gt;
                            &lt;div class="s-hdr-flyout__product"&gt;
&lt;a href="/en/clickshare/management-platforms/xms-cloud" class="o-media s-hdr-tile u-unstyled-link" &gt;                                    &lt;div class="o-media__img-wrapper s-hdr-tile__img-wrapper"&gt;
                                        &lt;img src="https://az877327.vo.msecnd.net/~/media/clickshare2020/images/feature icons/management_dashboard_circle_black svg.svg?v=1&amp;amp;la=en&amp;amp;mw=120&amp;amp;hash=9A7CFB8DAB098E8D736B94DD4F8080B1B97AB171" class="o-media__img" alt="" /&gt;
                                    &lt;/div&gt;
                                    &lt;div class="o-media__body-wrapper"&gt;
                                        &lt;h2 class="s-hdr-tile__title"&gt;XMS Cloud Management&lt;/h2&gt;
                                        &lt;p class="s-hdr-tile__info"&gt;Cloud monitoring, management and analytics for your workplace&lt;/p&gt;
                                    &lt;/div&gt;
&lt;/a&gt;                            &lt;/div&gt;
                            &lt;div class="s-hdr-flyout__product"&gt;
&lt;a href="/en/clickshare/management-platforms/clickshare-button-manager" class="o-media s-hdr-tile u-unstyled-link" &gt;                                    &lt;div class="o-media__img-wrapper s-hdr-tile__img-wrapper"&gt;
                                        &lt;img src="https://az877327.vo.msecnd.net/~/media/clickshare2020/images/feature icons/05 extra icons svg/button manager-circle black svg.svg?v=1&amp;amp;la=en&amp;amp;mw=120&amp;amp;hash=D68C2620D872FA1AD46F2BB9B2E8262AC4DBC37A" class="o-media__img" alt="" /&gt;
                                    &lt;/div&gt;
                                    &lt;div class="o-media__body-wrapper"&gt;
                                        &lt;h2 class="s-hdr-tile__title"&gt;ClickShare Button Manager&lt;/h2&gt;
                                        &lt;p class="s-hdr-tile__info"&gt;Remote pairing of ClickShare Buttons&lt;/p&gt;
                                    &lt;/div&gt;
&lt;/a&gt;                            &lt;/div&gt;
                            &lt;div class="s-hdr-flyout__product"&gt;
&lt;a href="/en/clickshare/management-platforms/clickshare-configurator" class="o-media s-hdr-tile u-unstyled-link" &gt;                                    &lt;div class="o-media__img-wrapper s-hdr-tile__img-wrapper"&gt;
                                        &lt;img src="https://az877327.vo.msecnd.net/~/media/clickshare2020/images/feature icons/05 extra icons svg/clickshare configurator-circle black svg.svg?v=1&amp;amp;la=en&amp;amp;mw=120&amp;amp;hash=A0EDAC158566BA54768F0D4EF5706D889C0AF2F3" class="o-media__img" alt="" /&gt;
                                    &lt;/div&gt;
                                    &lt;div class="o-media__body-wrapper"&gt;
                                        &lt;h2 class="s-hdr-tile__title"&gt;ClickShare Configurator&lt;/h2&gt;
                                        &lt;p class="s-hdr-tile__info"&gt;Manage your ClickShare Base Unit&lt;/p&gt;
                                    &lt;/div&gt;
&lt;/a&gt;                            &lt;/div&gt;
                    &lt;/div&gt;
                &lt;/div&gt;
            &lt;/div&gt;
        &lt;/div&gt;
        &lt;!-- &lt;&lt; Flyout content --&gt;
    &lt;/div&gt;
&lt;/li&gt;


                    &lt;li class="s-mobile-nav__item s-hdr__nav-item"&gt;
&lt;a href="/en/clickshare/apps-accessories" class="s-mobile-nav__link s-hdr__cta u-unstyled-link" &gt;Apps&lt;/a&gt;                    &lt;/li&gt;
                    &lt;li class="s-mobile-nav__item s-hdr__nav-item"&gt;
&lt;a href="/en/clickshare/support" class="s-mobile-nav__link s-hdr__cta u-unstyled-link" &gt;Get help&lt;/a&gt;                    &lt;/li&gt;
        &lt;/ul&gt;
    &lt;/nav&gt;
    &lt;/div&gt;
&lt;/header&gt;




    &lt;div class="breadcrumb hidden-print" xmlns:v="http://rdf.data-vocabulary.org/#" data-coveo="exclude"&gt;
        &lt;div class="container"&gt;
            &lt;ol class="list-inline no-margin breadcrumb__list"&gt;
                    &lt;li typeof="v:Breadcrumb" class="breadcrumb__item"&gt;
                            &lt;a rel="v:url" property="v:title" class="breadcrumb__link" href="/en/clickshare" title="ClickShare"&gt;ClickShare&lt;/a&gt;
                    &lt;/li&gt;
                    &lt;li typeof="v:Breadcrumb" class="breadcrumb__item"&gt;
                            &lt;a rel="v:url" property="v:title" class="breadcrumb__link" href="/en/clickshare/support" title="Help &amp;amp; Support"&gt;Help &amp;amp; Support&lt;/a&gt;
                    &lt;/li&gt;
                    &lt;li typeof="v:Breadcrumb" class="breadcrumb__item"&gt;
Warranty Information                    &lt;/li&gt;
            &lt;/ol&gt;
        &lt;/div&gt;
    &lt;/div&gt;



            




&lt;div class="content-body"&gt;
    

&lt;section class="c-section" data-component-class="WarrantyLister.Component" data-component-parm="{&amp;quot;initialSerialNumber&amp;quot;:null,&amp;quot;categories&amp;quot;:&amp;quot;{6282E2AA-42D2-4682-8645-581196AE490B}|{18EEDAF9-2AED-4EDF-8941-720587910CBB}&amp;quot;}" data-webid="WarrantyLister.Component"&gt;    &lt;div class="container"&gt;
        &lt;div class="row"&gt;
            &lt;div class="col-sm-8"&gt;
                &lt;div class="c-warranty__intro"&gt;
                        &lt;h1&gt;Check your warranty&lt;/h1&gt;
                                
                &lt;/div&gt;
                &lt;div class="c-warranty__form"&gt;
                    &lt;div class="form-row"&gt;
                        &lt;div class="form-group-compact col-md-6" data-selector="validation-group"&gt;
                            &lt;label class="" for="SerialNumber"&gt;Serial number&lt;/label&gt;
                            &lt;input class="form-control c-warranty__number" data-selector="serial-number"
                                   id="SerialNumber" maxlength="220" name="SerialNumber" type="text" data-bind="value: serialNumberInput, valueUpdate: 'afterkeydown'" /&gt;
                            &lt;span class="field-validation-error" style="display: none;" data-bind="visible: showIsRequired"&gt;Please specify a serial number&lt;/span&gt;
                            &lt;span class="field-validation-error" style="display: none;" data-bind="visible: showIsTooShort"&gt;Minimum 6 characters required&lt;/span&gt;
                            &lt;span class="field-validation-error" style="display: none;" data-bind="visible: showIsWrongFormat"&gt;Please enter a valid serial number&lt;/span&gt;
                        &lt;/div&gt;
                        &lt;div class="form-group-compact form-group--no-lbl col-md-5" data-selector="validation-group"&gt;
                            &lt;button type="button" data-bind="click: handleSerialNumberInput"
                                    class="btn btn-primary btn-block btn--icon btn--arrow"&gt;
                                Get info
                                &lt;i style="display: none" class="fa fa-spinner fa-spin margin-left" data-bind="visible: isLoading()"&gt;&lt;/i&gt;
                            &lt;/button&gt;
                        &lt;/div&gt;
                    &lt;/div&gt;
                        &lt;div class="form-row"&gt;
                            &lt;div class="form-group col-md-6"&gt;
                                &lt;a href="/en/about-barco/legal/warranty-policy" class="cta-discrete cta-sm" target="_blank" title="Read our warranty policy" &gt;Read our warranty policy&lt;/a&gt;
                            &lt;/div&gt;
                        &lt;/div&gt;
                &lt;/div&gt;
            &lt;/div&gt;
        &lt;/div&gt;
        &lt;div data-bind="visible: !isLoading()" class="row"&gt;
            &lt;div class="col-sm-12"&gt;
                &lt;div class="c-warranty__lister"&gt;
                    &lt;!-- ko foreach: warrantyItems --&gt;
                    &lt;article class="c-warranty__result-item"&gt;
                        &lt;div class="c-warranty__tile c-result-tile c-bb-tile c-bb-tile--bordered c-bb-tile--alt"&gt;
                            &lt;h2 class="c-result-tile__title"&gt;
                                Warranty results for
                                &lt;span class="c-warranty__number  c-result-tile__highlight" data-bind="text: $root.searchedSerialNumber"&gt;&lt;/span&gt;
                            &lt;/h2&gt;
                            &lt;div class="c-result-tile__details o-media o-media--img-top o-media--img-md-r"&gt;
                                &lt;div class="o-media__img-wrapper c-result-tile__img-wrapper"&gt;
                                    &lt;div class="o-aspect-ratio o-aspect-ratio--product-tile c-result-tile__img-object"&gt;
                                        &lt;div class="o-aspect-ratio__inner"&gt;
                                            &lt;img class="o-aspect-ratio__element" data-bind="attr:{src: $data.imageUrl}" /&gt;
                                        &lt;/div&gt;
                                    &lt;/div&gt;
                                &lt;/div&gt;
                                &lt;div class="o-media__body-wrapper"&gt;
                                    &lt;dl class="c-result-tile__dl"&gt;
                                        &lt;dt&gt;Description&lt;/dt&gt;
                                        &lt;dd&gt;&lt;!-- ko text: description--&gt;&lt;!--/ko--&gt;&lt;/dd&gt;
                                        &lt;dt&gt;Part number&lt;/dt&gt;
                                        &lt;dd&gt;&lt;!-- ko text: partNumber--&gt;&lt;!--/ko--&gt;&lt;/dd&gt;
                                        &lt;!-- ko if: canShowInfo --&gt;
                                        &lt;dt&gt;Delivery date&lt;/dt&gt;
                                        &lt;dd&gt;&lt;!-- ko text: deliveryDate--&gt;&lt;!--/ko--&gt;&lt;/dd&gt;
                                        &lt;dt&gt;Installation date&lt;/dt&gt;
                                        &lt;dd&gt;&lt;!-- ko text: installationDate--&gt;&lt;!--/ko--&gt;&lt;/dd&gt;
                                        &lt;dt&gt;Warranty end date&lt;/dt&gt;
                                        &lt;dd&gt;&lt;!-- ko text: warrantyEndDate--&gt;&lt;!--/ko--&gt;&lt;/dd&gt;
                                        &lt;dt&gt;Service contract end date&lt;/dt&gt;
                                        &lt;dd&gt;&lt;!-- ko text: serviceDate--&gt;&lt;!--/ko--&gt;&lt;/dd&gt;
                                        &lt;!-- /ko --&gt;
                                    &lt;/dl&gt;
                                &lt;/div&gt;

                            &lt;/div&gt;
                        &lt;/div&gt;
                    &lt;/article&gt;
                    &lt;!-- /ko --&gt;
                    
                    &lt;div data-bind="visible: emptyResults()" class="c-bb-tile c-bb-tile--bordered c-bb-tile--alt"&gt;
                        &lt;h2 class="c-result-tile__title"&gt;
                            Warranty results for
                            &lt;span class="c-warranty__number  c-result-tile__highlight" data-bind="text: searchedSerialNumber"&gt;&lt;/span&gt;
                        &lt;/h2&gt;
                        &lt;div data-bind="html: emptyResultText"&gt;&lt;/div&gt;  
                    &lt;/div&gt;
                &lt;/div&gt;
            &lt;/div&gt;
        &lt;/div&gt;
    &lt;/div&gt;
&lt;/section&gt;


&lt;/div&gt;





            
    


&lt;footer class="s-mftr" data-coveo="exclude"&gt;
    &lt;div class="s-mftr__doormat c-section c-section--padding-3"&gt;
        &lt;div class="container"&gt;
            &lt;div class="row"&gt;
                &lt;div class="col-lg-3 col-md-6 col-sm-12"&gt;
                    
&lt;div class="link-list"&gt;
    &lt;h2 class="link-list__title"&gt;
Learn    &lt;/h2&gt;
        &lt;ul class="link-list__links"&gt;
                &lt;li class="link-list__li"&gt;
                    &lt;a href="/en/clickshare/security" class="link-list__link" &gt;ClickShare security&lt;/a&gt;
                &lt;/li&gt;
                &lt;li class="link-list__li"&gt;
                    &lt;a href="/en/clickshare/benefits/it-manager" class="link-list__link" &gt;For IT Manager&lt;/a&gt;
                &lt;/li&gt;
                &lt;li class="link-list__li"&gt;
                    &lt;a href="/en/clickshare/benefits/digital-workplace-manager" class="link-list__link" &gt;For Digital Workplace Manager&lt;/a&gt;
                &lt;/li&gt;
                &lt;li class="link-list__li"&gt;
                    &lt;a href="/en/clickshare/benefits/meeting-room-user" class="link-list__link" &gt;For meeting room user&lt;/a&gt;
                &lt;/li&gt;
                &lt;li class="link-list__li"&gt;
                    &lt;a href="/en/clickshare/compare/wireless-conferencing-vs-wireless-presentation" class="link-list__link" &gt;Wireless conferencing vs wireless presentation&lt;/a&gt;
                &lt;/li&gt;
                &lt;li class="link-list__li"&gt;
                    &lt;a href="/en/clickshare/clickshare-conference-fits-in-your-meeting-room-setup" class="link-list__link" &gt;Meeting room setup&lt;/a&gt;
                &lt;/li&gt;
                &lt;li class="link-list__li"&gt;
                    &lt;a href="/en/clickshare/apps-accessories/smartcare - not in use" class="link-list__link" &gt;Smartcare&lt;/a&gt;
                &lt;/li&gt;
        &lt;/ul&gt;
&lt;/div&gt;
                &lt;/div&gt;
                &lt;div class="col-lg-3 col-md-6 col-sm-12"&gt;
                    
&lt;div class="link-list"&gt;
    &lt;h2 class="link-list__title"&gt;
Explore    &lt;/h2&gt;
        &lt;ul class="link-list__links"&gt;
                &lt;li class="link-list__li"&gt;
                    &lt;a href="/en/clickshare/news" class="link-list__link" &gt;Blog&lt;/a&gt;
                &lt;/li&gt;
                &lt;li class="link-list__li"&gt;
                    &lt;a href="/customer-stories?pg=1&amp;amp;itemId=6282e2aa-42d2-4682-8645-581196ae490b" class="link-list__link" &gt;Customer stories&lt;/a&gt;
                &lt;/li&gt;
                &lt;li class="link-list__li"&gt;
                    &lt;a href="/en/clickshare/alliance-partners/peripherals" class="link-list__link" &gt;Supported Peripherals&lt;/a&gt;
                &lt;/li&gt;
                &lt;li class="link-list__li"&gt;
                    &lt;a href="/en/clickshare/alliance-partners/logitech" class="link-list__link" &gt;Logitech partnership&lt;/a&gt;
                &lt;/li&gt;
                &lt;li class="link-list__li"&gt;
                    &lt;a href="/en/clickshare/byom" class="link-list__link" &gt;BYOM&lt;/a&gt;
                &lt;/li&gt;
                &lt;li class="link-list__li"&gt;
                    &lt;a href="/en/clickshare/compare/clickshare-vs-airtame" class="link-list__link" &gt;Airtame vs ClickShare&lt;/a&gt;
                &lt;/li&gt;
                &lt;li class="link-list__li"&gt;
                    &lt;a href="/en/clickshare/compare/clickshare-vs-mersive" class="link-list__link" &gt;Mersive vs ClickShare&lt;/a&gt;
                &lt;/li&gt;
        &lt;/ul&gt;
&lt;/div&gt;
                &lt;/div&gt;
                &lt;div class="col-lg-3 col-md-6 col-sm-12"&gt;
                    
&lt;div class="link-list"&gt;
    &lt;h2 class="link-list__title"&gt;
Buy    &lt;/h2&gt;
        &lt;ul class="link-list__links"&gt;
                &lt;li class="link-list__li"&gt;
                    &lt;a href="https://www.barco.com/contact/wheretobuy?countrycode=&amp;amp;state=&amp;amp;productid=&amp;amp;pcat={1DD092BE-FD84-4318-86E2-07DFD74261B0}&amp;amp;market=&amp;amp;ptypes=2,3,5" class="link-list__link" &gt;Where to buy?&lt;/a&gt;
                &lt;/li&gt;
                &lt;li class="link-list__li"&gt;
                    &lt;a href="/en/clickshare/compare/wireless-conferencing-range" class="link-list__link" &gt;Wireless conferencing range&lt;/a&gt;
                &lt;/li&gt;
                &lt;li class="link-list__li"&gt;
                    &lt;a href="/en/clickshare/compare/wireless-presentation-range" class="link-list__link" &gt;Wireless presentation range&lt;/a&gt;
                &lt;/li&gt;
        &lt;/ul&gt;
&lt;/div&gt;
                &lt;/div&gt;
                &lt;div class="col-lg-3 col-md-6 col-sm-12"&gt;
                    
&lt;div class="link-list"&gt;
    &lt;h2 class="link-list__title"&gt;
Help    &lt;/h2&gt;
        &lt;ul class="link-list__links"&gt;
                &lt;li class="link-list__li"&gt;
                    &lt;a href="/en/clickshare/app" class="link-list__link" &gt;Download ClickShare app&lt;/a&gt;
                &lt;/li&gt;
                &lt;li class="link-list__li"&gt;
                    &lt;a href="/en/clickshare/support" class="link-list__link" &gt;Support&lt;/a&gt;
                &lt;/li&gt;
                &lt;li class="link-list__li"&gt;
                    &lt;a href="/en/clickshare/support/phone-email-support" class="link-list__link" &gt;Phone &amp;amp; email support&lt;/a&gt;
                &lt;/li&gt;
                &lt;li class="link-list__li"&gt;
                    &lt;a href="/en/clickshare/firmware-update" class="link-list__link" &gt;Firmware update&lt;/a&gt;
                &lt;/li&gt;
                &lt;li class="link-list__li"&gt;
                    &lt;a href="/en/contact" class="link-list__link" &gt;Contact us&lt;/a&gt;
                &lt;/li&gt;
        &lt;/ul&gt;
&lt;/div&gt;


    &lt;div class="c-social-links "&gt;
        
            &lt;ul class="c-social-links-ul "&gt;
                    &lt;li class="c-social-links-li"&gt;
&lt;a href="https://twitter.com/BarcoClickShare" title="ClickShare Twitter" &gt;                            &lt;!-- TODO: find a solution for changing the color --&gt;
                            &lt;i class="icon icon-twitter"&gt;&lt;/i&gt;
&lt;/a&gt;                    &lt;/li&gt;
                    &lt;li class="c-social-links-li"&gt;
&lt;a href="https://www.facebook.com/ClickShareBarco" title="ClickShare Facebook" &gt;                            &lt;!-- TODO: find a solution for changing the color --&gt;
                            &lt;i class="icon icon-facebook"&gt;&lt;/i&gt;
&lt;/a&gt;                    &lt;/li&gt;
                    &lt;li class="c-social-links-li"&gt;
&lt;a href="https://www.linkedin.com/showcase/barco-clickshare" title="ClickShare Linkedin" &gt;                            &lt;!-- TODO: find a solution for changing the color --&gt;
                            &lt;i class="icon icon-linkedin"&gt;&lt;/i&gt;
&lt;/a&gt;                    &lt;/li&gt;
                    &lt;li class="c-social-links-li"&gt;
&lt;a href="https://www.youtube.com/channel/UCNqu3SO32Viuqx441J_8mKw" title="ClickShare YouTube" &gt;                            &lt;!-- TODO: find a solution for changing the color --&gt;
                            &lt;i class="icon icon-youtube"&gt;&lt;/i&gt;
&lt;/a&gt;                    &lt;/li&gt;
                    &lt;li class="c-social-links-li"&gt;
&lt;a href="https://www.barco.com/rss/news.xml" title="Barco RSS" &gt;                            &lt;!-- TODO: find a solution for changing the color --&gt;
                            &lt;i class="icon icon-rss"&gt;&lt;/i&gt;
&lt;/a&gt;                    &lt;/li&gt;
            &lt;/ul&gt;
    &lt;/div&gt;

                &lt;/div&gt;
            &lt;/div&gt;
        &lt;/div&gt;
    &lt;/div&gt;
    &lt;div class="s-mftr__toolbar c-section c-section--padding-0"&gt;
        &lt;div class="container s-mftr__toolbar-content"&gt;
&lt;div class="c-cult-switch__language-btn--wrapper" data-component-class="Snippets.CultureSwitcher" data-component-parm="null" data-webid="Snippets.CultureSwitcher"&gt;    &lt;button class="btn c-cult-switch__language-btn"&gt;
        &lt;span class="c-cult-switch__language-btn-lname"&gt;English&lt;/span&gt;
        &lt;span class="c-cult-switch__language-btn-lcode"&gt;EN&lt;/span&gt;
    &lt;/button&gt;
    &lt;button class="btn c-cult-switch__country-btn"&gt;
        &lt;span class="c-cult-switch__country-btn-cflag flag-icon" style="background-image: url(/assets/img/flags/4x3/tw.svg"&gt;&lt;/span&gt;
        &lt;span class="c-cult-switch__country-btn-cname"&gt;Taiwan, China&lt;/span&gt;
    &lt;/button&gt;
&lt;/div&gt;

            &lt;div class="s-mftr__flinks"&gt;
                    &lt;div class="s-mftr__flink s-mftr__about-barco"&gt;
                        &lt;a href="/en/about-barco" class="s-mftr__toolbar-link" &gt;About Barco&lt;/a&gt;
                    &lt;/div&gt;
                                    &lt;div class="s-mftr__flink s-mftr__privacy-policy"&gt;
                        &lt;a href="/en/about-barco/legal/privacy-policy" class="s-mftr__toolbar-link" &gt;Privacy policy&lt;/a&gt;
                    &lt;/div&gt;
                                    &lt;div class="s-mftr__flink s-mftr__cookie-policy"&gt;
                        &lt;a href="/en/about-barco/legal/cookie-policy" class="s-mftr__toolbar-link" &gt;Cookie policy&lt;/a&gt;
                        &amp;nbsp;
                        (&lt;a data-trigger="CookiePreferences" href="#" class="s-mftr__toolbar-link"&gt;Cookie preferences&lt;/a&gt;)
                    &lt;/div&gt;
            &lt;/div&gt;
                &lt;div class="s-mftr__copyright"&gt;
                    &lt;a href="/en/about-barco/legal" class="s-mftr__toolbar-link" &gt;&amp;#169; 2021 All rights reserved&lt;/a&gt;
                &lt;/div&gt;
        &lt;/div&gt;
    &lt;/div&gt;
&lt;/footer&gt;


            

    &lt;script src="https://az877327.vo.msecnd.net/scriptsbundles/main?v=HZ3iD9w0_XrwDRolT6PMUdEN0PvmG0zRZ9vUC7kvWyg1&amp;type=script.js"&gt;&lt;/script&gt;
&lt;script src="https://az877327.vo.msecnd.net/scriptsbundles/clickshare?v=M3wmeukWALy3n-4J0PGwR2FuJdfKvVMGwJRZzn898Nc1&amp;type=script.js"&gt;&lt;/script&gt;
&lt;script src="https://az877327.vo.msecnd.net/scriptsbundles/warrantylister?v=2qd2N5BjR6xP90PrbTrghQSx0xgU9zBDiyaSGHhkON81&amp;type=script.js"&gt;&lt;/script&gt;
&lt;script src="https://az877327.vo.msecnd.net/scriptsbundles/minisiteglobalheader?v=BPse3V8BbIMxxIquqinpRk0ZgCEyXNlODW86K5plVhA1&amp;type=script.js"&gt;&lt;/script&gt;
&lt;script src="https://az877327.vo.msecnd.net/scriptsbundles/minisiteheader?v=LOmngw3ul5Me7IpFaMZGukt7cBiVPdHwdiJKLxDe6XM1&amp;type=script.js"&gt;&lt;/script&gt;
&lt;script src="https://az877327.vo.msecnd.net/scriptsbundles/aos?v=dk5KQ4VJO13eK9rNLWC0-5HpbYDUmHUt65VTbVNewFw1&amp;type=script.js"&gt;&lt;/script&gt;




            
        &lt;/div&gt;
    &lt;/body&gt;
&lt;/html&gt;</msg>
<status status="PASS" starttime="20210827 15:11:26.140" endtime="20210827 15:11:27.197"/>
</kw>
<status status="PASS" starttime="20210827 15:11:26.140" endtime="20210827 15:11:27.197"/>
</test>
<test id="s1-s1-t3" name="Input 1 charactor">
<kw name="Get Web Data1" library="robot_test_steps_requests">
<msg timestamp="20210827 15:11:28.235" level="INFO">OK
&lt;!DOCTYPE html&gt;
&lt;html lang="en"&gt;
&lt;head&gt;
    
        &lt;script src="https://www.googleoptimize.com/optimize.js?id=GTM-PBNXFK6"&gt;&lt;/script&gt;

    &lt;meta charset="utf-8"&gt;
    &lt;meta name="viewport" content="width=device-width, initial-scale=1, shrink-to-fit=no"&gt;
    &lt;meta http-equiv="x-ua-compatible" content="ie=edge"&gt;
    &lt;link rel="shortcut icon" href="/favicon.ico?v=3" /&gt;

    &lt;meta itemprop="server-info" content="PRD-CD0" /&gt;
    &lt;meta itemprop="product-version" content="1.0 99" /&gt;
    &lt;meta itemprop="source-version" content="" /&gt;
    &lt;meta itemprop="page-id" content="{37B221F3-0BF9-44AF-9768-FE3E9EE190CB}" /&gt;
    &lt;meta itemprop="name" content="Barco" /&gt;

    &lt;title&gt;Warranty Information - Barco&lt;/title&gt;
        &lt;meta property="og:title" content="Warranty Information" /&gt;
        &lt;meta name="twitter:title" content="Warranty Information" /&gt;
        &lt;meta property="og:url" content="https://www.barco.com/en/clickshare/support/warranty-info" /&gt;
        &lt;meta name="twitter:url" content="https://www.barco.com/en/clickshare/support/warranty-info" /&gt;
        &lt;meta name="twitter:site" content="@Barco" /&gt;
    &lt;meta property="og:site_name" content="Barco" /&gt;
    &lt;meta name="twitter:card" content="summary" /&gt;
        
            &lt;meta name="bar_itemid" content="37b221f3-0bf9-44af-9768-fe3e9ee190cb" /&gt;
            &lt;meta name="bar_templateid" content="b665c9eb-ea26-42a0-9f6a-1ea09e4be4e1" /&gt;
            &lt;meta name="bar_title" content="Warranty Information" /&gt;
            &lt;meta name="bar_productcategories" content="wireless-presentation" /&gt;
            &lt;meta name="bar_markets" content="ClickShare,workplace" /&gt;
            &lt;meta name="bar_availableincountries" content="all" /&gt;
            &lt;meta name="bar_notavailableincountries" content="[]" /&gt;
            &lt;meta name="bar_availableinlanguages" content="all" /&gt;
            &lt;meta name="bar_notavailableinlanguages" content="[]" /&gt;
            &lt;meta name="bar_contextlanguage" content="EN" /&gt;
            &lt;meta name="bar_islanguagefallback" content="False" /&gt;
        
&lt;link rel="preconnect" href="https://in.hotjar.com"&gt;
&lt;link rel="preconnect" href="https://script.hotjar.com"&gt;
&lt;link rel="preconnect" href="https://vars.hotjar.com"&gt;
&lt;link rel="preconnect" href="https://static.hotjar.com"&gt;
&lt;link rel="preconnect" href="https://www.bulletproof-analytics.com"&gt;
&lt;link rel="preconnect" href="https://141-tqb-685.mktoresp.com"&gt;
&lt;link rel="preconnect" href="https://px.ads.linkedin.com"&gt;
&lt;link rel="preconnect" href="https://connect.facebook.net"&gt;
&lt;link rel="preconnect" href="https://bat.bing.com"&gt;
&lt;link rel="preconnect" href="https://az416426.vo.msecnd.net"&gt;
&lt;link rel="preconnect" href="https://dc.services.visualstudio.com"&gt;

    &lt;meta name="Content-Language" content="en" /&gt;



    

&lt;link rel="alternate" hreflang="fr" href="https://www.barco.com:443/fr/clickshare/support/warranty-info" /&gt;
&lt;link rel="alternate" hreflang="it" href="https://www.barco.com:443/it/clickshare/support/warranty-info" /&gt;
&lt;link rel="alternate" hreflang="zh-cn" href="https://www.barco.com:443/zh-cn/clickshare/support/warranty-info" /&gt;
&lt;link rel="alternate" hreflang="ja" href="https://www.barco.com:443/ja/clickshare/support/warranty-info" /&gt;
&lt;link rel="alternate" hreflang="ru" href="https://www.barco.com:443/ru/clickshare/support/warranty-info" /&gt;
&lt;link rel="alternate" hreflang="pt" href="https://www.barco.com:443/pt/clickshare/support/warranty-info" /&gt;
&lt;link rel="alternate" hreflang="ko" href="https://www.barco.com:443/ko/clickshare/support/warranty-info" /&gt;
&lt;link rel="alternate" hreflang="de" href="https://www.barco.com:443/de/clickshare/support/warranty-info" /&gt;
&lt;link rel="alternate" hreflang="es" href="https://www.barco.com:443/es/clickshare/support/warranty-info" /&gt;

    

    &lt;link href="https://az877327.vo.msecnd.net/stylesbundles/clickshare?v=ScI2dM4-1W9ZNdU9_tW4jd5s61fRun9YWImJP-WNslc1&amp;type=style.css" rel="stylesheet"/&gt;
&lt;link href="https://az877327.vo.msecnd.net/stylesbundles/aos?v=eRaM3H8w3SSi38XCPPo_5oBYD_cV8gQkvzWV9AlI2-M1&amp;type=style.css" rel="stylesheet"/&gt;
&lt;link href="https://az877327.vo.msecnd.net/stylesbundles/main.theme-clickshare?v=YIlQNWdwhKIBDPPF9BDul1WoUe6_2Jco69wTjD4ZSck1&amp;type=style.css" rel="stylesheet"/&gt;



    &lt;!-- Application Insights --&gt;
&lt;script type="text/javascript"&gt;
        var appInsights=window.appInsights||function(config){
            function r(config){t[config]=function(){var i=arguments;t.queue.push(function(){t[config].apply(t,i)})}}var t={config:config},u=document,e=window,o="script",s=u.createElement(o),i,f;for(s.src=config.url||"//az416426.vo.msecnd.net/scripts/a/ai.0.js",u.getElementsByTagName(o)[0].parentNode.appendChild(s),t.cookie=u.cookie,t.queue=[],i=["Event","Exception","Metric","PageView","Trace"];i.length;)r("track"+i.pop());return r("setAuthenticatedUserContext"),r("clearAuthenticatedUserContext"),config.disableExceptionTracking||(i="onerror",r("_"+i),f=e[i],e[i]=function(config,r,u,e,o){var s=f&amp;&amp;f(config,r,u,e,o);return s!==!0&amp;&amp;t["_"+i](config,r,u,e,o),s}),t
        }({
            instrumentationKey:"f2fe2757-dded-4395-b812-a62ba5651533"
        });

        window.appInsights=appInsights;
        appInsights.trackPageView();
&lt;/script&gt;
&lt;!-- End Application Insights --&gt;
    &lt;!-- Google consent defaults --&gt;
&lt;script&gt;
        window.dataLayer = window.dataLayer || [];
        function gtag() {
            dataLayer.push(arguments);
        }
        gtag("consent", "default", {
            ad_storage: "denied",
            analytics_storage: "granted",
            wait_for_update: 500
        });
        gtag("set", "ads_data_redaction", true);
&lt;/script&gt;
&lt;!-- END Google consent defaults --&gt;
&lt;script&gt;
    var dataLayer = window.dataLayer || [];
    var pushData = {};
    
        pushData.Market = 'clickshare,workplace';
        pushData.MarketIds = '8ddc55f5-e1f0-4563-bcf2-b6263731b519,2e7012da-88bb-4952-aa96-d5ed0b47051e';
        pushData.ProductCats = 'wireless-presentation';
        pushData.ProductCatIds = '6282e2aa-42d2-4682-8645-581196ae490b';
        pushData.ContextLanguage = 'EN';
        pushData.PublishDate = '2020-04-22T10:08:53';
        pushData.IsLanguageFallback = 'False';
        Object.assign(pushData, {});
    
        
    dataLayer.push(pushData);
&lt;/script&gt;
&lt;!-- Google Tag Manager --&gt;
&lt;script&gt;(function(w,d,s,l,i){w[l]=w[l]||[];w[l].push({'gtm.start':
        new Date().getTime(),event:'gtm.js'});var f=d.getElementsByTagName(s)[0],
        j=d.createElement(s),dl=l!='dataLayer'?'&amp;l='+l:'';j.async=true;j.src=
        '//www.googletagmanager.com/gtm.js?id='+i+dl;f.parentNode.insertBefore(j,f);
})(window,document,'script','dataLayer','GTM-WDDXJL');&lt;/script&gt;
&lt;meta name="context-market" content="clickshare" /&gt;&lt;meta name="context-product-category" content="wireless-presentation" /&gt;&lt;!-- End Google Tag Manager --&gt;
&lt;/head&gt;
    &lt;body class="lang-en  theme-clickshare" data-theme="theme-clickshare" data-context-id="37b221f30bf944af9768fe3e9ee190cb" data-user-id="0"&gt;
        &lt;div class="content-wrapper"&gt; 
            &lt;!-- Google Tag Manager (noscript) --&gt;
&lt;noscript&gt;
    &lt;iframe src="https://www.googletagmanager.com/ns.html?id=GTM-WDDXJL"
            height="0" width="0" style="display:none;visibility:hidden"&gt;&lt;/iframe&gt;
&lt;/noscript&gt;
&lt;!-- End Google Tag Manager (noscript) --&gt;
        
                &lt;meta name="cookie" data-name="RelevantMarkets" data-expires="1" data-domain="" data-category="1" content="Markets={8DDC55F5-E1F0-4563-BCF2-B6263731B519},{2E7012DA-88BB-4952-AA96-D5ED0B47051E}" /&gt;


            

            

            
    


&lt;header class="s-mghdr" data-component-class="MinisiteGlobalHeader.Component" data-component-parm="null" data-coveo="exclude" data-webid="MinisiteGlobalHeader.Component"&gt;    &lt;div class="s-mghdr__container container"&gt;
         &lt;a class="s-mghdr__logo" href="/"&gt;
            &lt;img src="/assets/img/barco-logo.svg" alt="" class="s-mghdr__logo-img"&gt;
         &lt;/a&gt; 

            &lt;nav class="s-mghdr__mainnav"&gt;
                    &lt;div class="s-mghdr__nav-item dropdown d-none d-sm-inline"&gt;
                            &lt;button class="s-mghdr__cta dropdown-toggle svg-icon svg-icon--down" type="button" id="dropdownMenuButton-All of Barco" data-toggle="dropdown" aria-haspopup="true" aria-expanded="false"&gt;
                                All of Barco
                            &lt;/button&gt;
                            &lt;div class="dropdown-menu s-mghdr__dropdown" aria-labelledby="dropdownMenuButton-All of Barco"&gt;
&lt;a href="/en/aboutbarco" class="dropdown-item s-mghdr__dropdown-item u-unstyled-link" target="_blank" &gt;About Barco&lt;/a&gt;&lt;a href="/en/contact" class="dropdown-item s-mghdr__dropdown-item u-unstyled-link" target="_blank" &gt;Contact&lt;/a&gt;&lt;a href="/en/clickshare/news" class="dropdown-item s-mghdr__dropdown-item u-unstyled-link" target="_blank" &gt;News&lt;/a&gt;                            &lt;/div&gt;
                    &lt;/div&gt;
                    &lt;div class="s-mghdr__nav-item dropdown d-none d-sm-inline"&gt;
                            &lt;button class="s-mghdr__cta dropdown-toggle svg-icon svg-icon--down" type="button" id="dropdownMenuButton-Partners" data-toggle="dropdown" aria-haspopup="true" aria-expanded="false"&gt;
                                Partners
                            &lt;/button&gt;
                            &lt;div class="dropdown-menu s-mghdr__dropdown" aria-labelledby="dropdownMenuButton-Partners"&gt;
&lt;a href="/en/clickshare/alliance-partners" class="dropdown-item s-mghdr__dropdown-item u-unstyled-link" &gt;ClickShare Alliance partners&lt;/a&gt;&lt;a href="/en/partners/barcopartnerprogram" class="dropdown-item s-mghdr__dropdown-item u-unstyled-link" &gt;Become a Connect! reseller partner&lt;/a&gt;                            &lt;/div&gt;
                    &lt;/div&gt;
                    &lt;div class="s-mghdr__nav-item dropdown d-none d-sm-inline"&gt;
&lt;a href="https://xms.cloud.barco.com/" class="s-mghdr__cta u-unstyled-link" target="_blank" &gt;XMS login&lt;/a&gt;                    &lt;/div&gt;
            &lt;/nav&gt;

            &lt;nav class="s-mghdr__utilitynav"&gt;
                    &lt;div class="s-mghdr__nav-item"&gt;
                            &lt;a href="/fedauth/login?returnUrl=/en/clickshare/support/warranty-info" class="s-mghdr__cta u-unstyled-link svg-icon svg-icon--user"&gt;
                                &lt;span class="d-none d-md-inline"&gt;myBarco partner zone&lt;/span&gt;
                            &lt;/a&gt;
                    &lt;/div&gt;
                                    &lt;div class="s-mghdr__nav-item"&gt;
                        &lt;a href="/en/clickshare/search" class="s-mghdr__cta u-unstyled-link svg-icon svg-icon--search"&gt;
                            &lt;span class="d-none d-md-inline"&gt;Search&lt;/span&gt;
                        &lt;/a&gt;
                    &lt;/div&gt;

                &lt;!-- &gt;&gt; Hamburger icon --&gt;
                &lt;div class="s-mghdr__nav-item d-sm-none"&gt;
                    &lt;button class="s-mghdr__cta svg-icon svg-icon--mobile-menu" data-selector="toggle-menu-button"&gt;&lt;/button&gt;
                &lt;/div&gt;
                &lt;!-- &lt;&lt; Hamburger icon --&gt;
            &lt;/nav&gt;
        &lt;/div&gt;
    &lt;div class="o-overlay s-mobile-nav__wrapper s-mghdr__mobile-dropdown js-smghdr-overlay"&gt;
        &lt;div class="o-overlay__content s-mobile-nav__content"&gt;
            &lt;div class="s-mobile-nav"&gt;
                    &lt;div class="s-mobile-nav__group"&gt;
                            &lt;h3 class="s-mobile-nav__group-title"&gt;All of Barco&lt;/h3&gt;
                            &lt;ul class="o-list--semantic-only"&gt;
                                    &lt;li class="s-mobile-nav__item"&gt;
                                        &lt;a href="/en/aboutbarco" class="s-mobile-nav__link u-unstyled-link" target="_blank" &gt;About Barco&lt;/a&gt;
                                    &lt;/li&gt;
                                    &lt;li class="s-mobile-nav__item"&gt;
                                        &lt;a href="/en/contact" class="s-mobile-nav__link u-unstyled-link" target="_blank" &gt;Contact&lt;/a&gt;
                                    &lt;/li&gt;
                                    &lt;li class="s-mobile-nav__item"&gt;
                                        &lt;a href="/en/clickshare/news" class="s-mobile-nav__link u-unstyled-link" target="_blank" &gt;News&lt;/a&gt;
                                    &lt;/li&gt;
                            &lt;/ul&gt;
                    &lt;/div&gt;
                    &lt;div class="s-mobile-nav__group"&gt;
                            &lt;h3 class="s-mobile-nav__group-title"&gt;Partners&lt;/h3&gt;
                            &lt;ul class="o-list--semantic-only"&gt;
                                    &lt;li class="s-mobile-nav__item"&gt;
                                        &lt;a href="/en/clickshare/alliance-partners" class="s-mobile-nav__link u-unstyled-link" &gt;ClickShare Alliance partners&lt;/a&gt;
                                    &lt;/li&gt;
                                    &lt;li class="s-mobile-nav__item"&gt;
                                        &lt;a href="/en/partners/barcopartnerprogram" class="s-mobile-nav__link u-unstyled-link" &gt;Become a Connect! reseller partner&lt;/a&gt;
                                    &lt;/li&gt;
                            &lt;/ul&gt;
                    &lt;/div&gt;
                    &lt;div class="s-mobile-nav__group"&gt;
&lt;a href="https://xms.cloud.barco.com/" class="s-mobile-nav__group-title s-mobile-nav__link u-unstyled-link" target="_blank" &gt;XMS login&lt;/a&gt;                    &lt;/div&gt;
            &lt;/div&gt;
        &lt;/div&gt;
    &lt;/div&gt;
&lt;/header&gt;


&lt;header class="s-hdr js-shdr" data-component-class="MinisiteHeader.Component" data-component-parm="null" data-coveo="exclude" data-webid="MinisiteHeader.Component"&gt;    &lt;div class="s-hdr__container container"&gt;
        &lt;div class="s-hdr__content"&gt;
            &lt;div class="s-hdr__brand"&gt;
                &lt;div class="s-hdr__main"&gt; 
                    &lt;a href="/en/clickshare" class="s-hdr__logo u-unstyled-link" &gt;            &lt;img class="s-hdr__logo-img" alt="clickshare" src="/assets/img/clickshare-logo.svg"&gt;
&lt;/a&gt;
                &lt;/div&gt;
              
            &lt;/div&gt;
                &lt;button type="button" class="s-hdr__mobile-button svg-icon svg-icon--down js-shdrbtn d-lg-none"&gt;
                    &lt;span class="sr-only"&gt;Toggle navigation&lt;/span&gt;
                &lt;/button&gt;
        &lt;/div&gt;
    &lt;nav class="s-hdr__nav-wrapper s-mobile-nav__wrapper js-shdrnav"&gt;
        &lt;ul class="s-hdr__nav s-mobile-nav o-list--semantic-only"&gt;
&lt;li class="s-mobile-nav__item s-hdr__nav-item s-hdr__nav-item--lvl0 svg-icon svg-icon--down js-hdr-item"&gt;
&lt;a href="/en/clickshare/wireless-conferencing" class="s-mobile-nav__link s-hdr__cta s-hdr__nav-link u-unstyled-link" &gt;Wireless conferencing&lt;/a&gt;    &lt;div class="s-hdr__submenu"&gt;
        &lt;!-- &gt;&gt; Flyout content --&gt;
        &lt;div class="container s-hdr-flyout__container"&gt;
            &lt;div class="row"&gt;
                    &lt;div class="col-md-3 s-hdr-flyout__overview"&gt;
&lt;a href="/en/clickshare/wireless-conferencing" class="u-unstyled-link s-hdr-flyout__overview-title-link" &gt;                                &lt;div class="s-hdr-flyout__overview-title"&gt;Wireless conferencing&lt;/div&gt;
&lt;/a&gt;                        
                        &lt;p class="s-hdr-flyout__overview-info"&gt;&lt;/p&gt;
                        &lt;div class="s-hdr-flyout__overview-ctas"&gt;
&lt;a href="/en/clickshare/wireless-conferencing" class="btn btn-sm btn-primary" &gt;Explore&lt;/a&gt;                            &lt;a href="/en/clickshare/wireless-conferencing#product-overview" class="btn btn-sm btn-secondary" &gt;View all products&lt;/a&gt;                        &lt;/div&gt;
                    &lt;/div&gt;
                &lt;div class="col o-centered-container__wrapper"&gt;
                    &lt;div class="s-hdr-flyout__products o-centered-container"&gt;
                            &lt;div class="s-hdr-flyout__product"&gt;
&lt;a href="/en/clickshare/wireless-conferencing/cx-20" class="o-media s-hdr-tile u-unstyled-link" &gt;                                    &lt;div class="o-media__img-wrapper s-hdr-tile__img-wrapper"&gt;
                                        &lt;img src="https://az877327.vo.msecnd.net/~/media/clickshare2020/images/product shots top square/cx-20_top_button_square png.png?v=1&amp;amp;la=en&amp;amp;h=120&amp;amp;w=120&amp;amp;mw=120&amp;amp;hash=558F33285F94845347ACFB2DFA434F9FFCD5EA74" class="o-media__img" alt="" /&gt;
                                    &lt;/div&gt;
                                    &lt;div class="o-media__body-wrapper"&gt;
                                        &lt;h2 class="s-hdr-tile__title"&gt;CX-20&lt;/h2&gt;
                                        &lt;p class="s-hdr-tile__info"&gt;Transform huddle rooms into inspiring conferencing spaces&lt;/p&gt;
                                    &lt;/div&gt;
&lt;/a&gt;                            &lt;/div&gt;
                            &lt;div class="s-hdr-flyout__product"&gt;
&lt;a href="/en/clickshare/wireless-conferencing/cx-30" class="o-media s-hdr-tile u-unstyled-link" &gt;                                    &lt;div class="o-media__img-wrapper s-hdr-tile__img-wrapper"&gt;
                                        &lt;img src="https://az877327.vo.msecnd.net/~/media/clickshare2020/images/product shots top square/cx-30_top_buttons_square png.png?v=1&amp;amp;la=en&amp;amp;h=120&amp;amp;w=120&amp;amp;mw=120&amp;amp;hash=AB6C352BF748E8E461615BC54FF5ADEBFBBEA0AF" class="o-media__img" alt="" /&gt;
                                    &lt;/div&gt;
                                    &lt;div class="o-media__body-wrapper"&gt;
                                        &lt;h2 class="s-hdr-tile__title"&gt;CX-30&lt;/h2&gt;
                                        &lt;p class="s-hdr-tile__info"&gt;Enjoy interactive meetings with remote participants&lt;/p&gt;
                                    &lt;/div&gt;
&lt;/a&gt;                            &lt;/div&gt;
                            &lt;div class="s-hdr-flyout__product"&gt;
&lt;a href="/en/clickshare/wireless-conferencing/cx-50" class="o-media s-hdr-tile u-unstyled-link" &gt;                                    &lt;div class="o-media__img-wrapper s-hdr-tile__img-wrapper"&gt;
                                        &lt;img src="https://az877327.vo.msecnd.net/~/media/clickshare2020/images/product shots top square/cx-50_buttons_top_square png.png?v=1&amp;amp;la=en&amp;amp;h=120&amp;amp;w=120&amp;amp;mw=120&amp;amp;hash=543737DFAD906C81F94D1C9394FF879C08F56AD0" class="o-media__img" alt="" /&gt;
                                    &lt;/div&gt;
                                    &lt;div class="o-media__body-wrapper"&gt;
                                        &lt;h2 class="s-hdr-tile__title"&gt;CX-50&lt;/h2&gt;
                                        &lt;p class="s-hdr-tile__info"&gt;Premium wireless conferencing for larger meeting rooms&lt;/p&gt;
                                    &lt;/div&gt;
&lt;/a&gt;                            &lt;/div&gt;
                    &lt;/div&gt;
                &lt;/div&gt;
            &lt;/div&gt;
        &lt;/div&gt;
        &lt;!-- &lt;&lt; Flyout content --&gt;
    &lt;/div&gt;
&lt;/li&gt;


&lt;li class="s-mobile-nav__item s-hdr__nav-item s-hdr__nav-item--lvl0 svg-icon svg-icon--down js-hdr-item"&gt;
&lt;a href="/en/clickshare/wireless-presentation" class="s-mobile-nav__link s-hdr__cta s-hdr__nav-link u-unstyled-link" &gt;Wireless presentation&lt;/a&gt;    &lt;div class="s-hdr__submenu"&gt;
        &lt;!-- &gt;&gt; Flyout content --&gt;
        &lt;div class="container s-hdr-flyout__container"&gt;
            &lt;div class="row"&gt;
                    &lt;div class="col-md-3 s-hdr-flyout__overview"&gt;
&lt;a href="/en/clickshare/wireless-presentation" class="u-unstyled-link s-hdr-flyout__overview-title-link" &gt;                                &lt;div class="s-hdr-flyout__overview-title"&gt;Wireless Presentation&lt;/div&gt;
&lt;/a&gt;                        
                        &lt;p class="s-hdr-flyout__overview-info"&gt;&lt;/p&gt;
                        &lt;div class="s-hdr-flyout__overview-ctas"&gt;
&lt;a href="/en/clickshare/wireless-presentation" class="btn btn-sm btn-primary" &gt;Explore&lt;/a&gt;                            &lt;a href="/en/clickshare/wireless-presentation#product-overview" class="btn btn-sm btn-secondary" &gt;View all products&lt;/a&gt;                        &lt;/div&gt;
                    &lt;/div&gt;
                &lt;div class="col o-centered-container__wrapper"&gt;
                    &lt;div class="s-hdr-flyout__products o-centered-container"&gt;
                            &lt;div class="s-hdr-flyout__product"&gt;
&lt;a href="/en/clickshare/wireless-presentation/c-5" class="o-media s-hdr-tile u-unstyled-link" &gt;                                    &lt;div class="o-media__img-wrapper s-hdr-tile__img-wrapper"&gt;
                                        &lt;img src="https://az877327.vo.msecnd.net/~/media/clickshare2020/images/product shots - transparent/cx-20_top png.png?v=1&amp;amp;la=en&amp;amp;h=120&amp;amp;w=120&amp;amp;mw=120&amp;amp;hash=A4F149D198D997EA333E1607258DA344769E1C27" class="o-media__img" alt="" /&gt;
                                    &lt;/div&gt;
                                    &lt;div class="o-media__body-wrapper"&gt;
                                        &lt;h2 class="s-hdr-tile__title"&gt;C-5&lt;/h2&gt;
                                        &lt;p class="s-hdr-tile__info"&gt;Make hybrid collaboration flow in small to medium sized meeting rooms&lt;/p&gt;
                                    &lt;/div&gt;
&lt;/a&gt;                            &lt;/div&gt;
                            &lt;div class="s-hdr-flyout__product"&gt;
&lt;a href="/en/clickshare/wireless-presentation/c-10" class="o-media s-hdr-tile u-unstyled-link" &gt;                                    &lt;div class="o-media__img-wrapper s-hdr-tile__img-wrapper"&gt;
                                        &lt;img src="https://az877327.vo.msecnd.net/~/media/clickshare2020/images/product shots - transparent/cx-20_top_button png.png?v=1&amp;amp;la=en&amp;amp;h=120&amp;amp;w=120&amp;amp;mw=120&amp;amp;hash=E45F4172EDD414F9005E3E5846A80C3E95DD2EEB" class="o-media__img" alt="" /&gt;
                                    &lt;/div&gt;
                                    &lt;div class="o-media__body-wrapper"&gt;
                                        &lt;h2 class="s-hdr-tile__title"&gt;C-10&lt;/h2&gt;
                                        &lt;p class="s-hdr-tile__info"&gt;The wireless presentation hub for hybrid meeting in medium to large rooms&lt;/p&gt;
                                    &lt;/div&gt;
&lt;/a&gt;                            &lt;/div&gt;
                            &lt;div class="s-hdr-flyout__product"&gt;
&lt;a href="/en/clickshare/wireless-conferencing/cse-family#product-overview" class="o-media s-hdr-tile u-unstyled-link" &gt;                                    &lt;div class="o-media__img-wrapper s-hdr-tile__img-wrapper"&gt;
                                        &lt;img src="https://az877327.vo.msecnd.net/~/media/clickshare2020/images/product shots top square/clickshare-family-old-no-antennas_square png.png?v=1&amp;amp;la=en&amp;amp;h=108&amp;amp;w=120&amp;amp;mw=120&amp;amp;hash=E0E47D577C901935F4F820E2E13E7AB627A5BA08" class="o-media__img" alt="" /&gt;
                                    &lt;/div&gt;
                                    &lt;div class="o-media__body-wrapper"&gt;
                                        &lt;h2 class="s-hdr-tile__title"&gt;CSE range&lt;/h2&gt;
                                        &lt;p class="s-hdr-tile__info"&gt;Wireless presentation systems for small to large meeting rooms&lt;/p&gt;
                                    &lt;/div&gt;
&lt;/a&gt;                            &lt;/div&gt;
                    &lt;/div&gt;
                &lt;/div&gt;
            &lt;/div&gt;
        &lt;/div&gt;
        &lt;!-- &lt;&lt; Flyout content --&gt;
    &lt;/div&gt;
&lt;/li&gt;


&lt;li class="s-mobile-nav__item s-hdr__nav-item s-hdr__nav-item--lvl0 svg-icon svg-icon--down js-hdr-item"&gt;
&lt;a href="/en/clickshare/management-platforms" class="s-mobile-nav__link s-hdr__cta s-hdr__nav-link u-unstyled-link" &gt;Management platforms&lt;/a&gt;    &lt;div class="s-hdr__submenu"&gt;
        &lt;!-- &gt;&gt; Flyout content --&gt;
        &lt;div class="container s-hdr-flyout__container"&gt;
            &lt;div class="row"&gt;
                &lt;div class="col o-centered-container__wrapper"&gt;
                    &lt;div class="s-hdr-flyout__products o-centered-container"&gt;
                            &lt;div class="s-hdr-flyout__product"&gt;
&lt;a href="/en/clickshare/management-platforms/xms-cloud" class="o-media s-hdr-tile u-unstyled-link" &gt;                                    &lt;div class="o-media__img-wrapper s-hdr-tile__img-wrapper"&gt;
                                        &lt;img src="https://az877327.vo.msecnd.net/~/media/clickshare2020/images/feature icons/management_dashboard_circle_black svg.svg?v=1&amp;amp;la=en&amp;amp;mw=120&amp;amp;hash=9A7CFB8DAB098E8D736B94DD4F8080B1B97AB171" class="o-media__img" alt="" /&gt;
                                    &lt;/div&gt;
                                    &lt;div class="o-media__body-wrapper"&gt;
                                        &lt;h2 class="s-hdr-tile__title"&gt;XMS Cloud Management&lt;/h2&gt;
                                        &lt;p class="s-hdr-tile__info"&gt;Cloud monitoring, management and analytics for your workplace&lt;/p&gt;
                                    &lt;/div&gt;
&lt;/a&gt;                            &lt;/div&gt;
                            &lt;div class="s-hdr-flyout__product"&gt;
&lt;a href="/en/clickshare/management-platforms/clickshare-button-manager" class="o-media s-hdr-tile u-unstyled-link" &gt;                                    &lt;div class="o-media__img-wrapper s-hdr-tile__img-wrapper"&gt;
                                        &lt;img src="https://az877327.vo.msecnd.net/~/media/clickshare2020/images/feature icons/05 extra icons svg/button manager-circle black svg.svg?v=1&amp;amp;la=en&amp;amp;mw=120&amp;amp;hash=D68C2620D872FA1AD46F2BB9B2E8262AC4DBC37A" class="o-media__img" alt="" /&gt;
[...]
        &lt;/ul&gt;
    &lt;/nav&gt;
    &lt;/div&gt;
&lt;/header&gt;




    &lt;div class="breadcrumb hidden-print" xmlns:v="http://rdf.data-vocabulary.org/#" data-coveo="exclude"&gt;
        &lt;div class="container"&gt;
            &lt;ol class="list-inline no-margin breadcrumb__list"&gt;
                    &lt;li typeof="v:Breadcrumb" class="breadcrumb__item"&gt;
                            &lt;a rel="v:url" property="v:title" class="breadcrumb__link" href="/en/clickshare" title="ClickShare"&gt;ClickShare&lt;/a&gt;
                    &lt;/li&gt;
                    &lt;li typeof="v:Breadcrumb" class="breadcrumb__item"&gt;
                            &lt;a rel="v:url" property="v:title" class="breadcrumb__link" href="/en/clickshare/support" title="Help &amp;amp; Support"&gt;Help &amp;amp; Support&lt;/a&gt;
                    &lt;/li&gt;
                    &lt;li typeof="v:Breadcrumb" class="breadcrumb__item"&gt;
Warranty Information                    &lt;/li&gt;
            &lt;/ol&gt;
        &lt;/div&gt;
    &lt;/div&gt;



            




&lt;div class="content-body"&gt;
    

&lt;section class="c-section" data-component-class="WarrantyLister.Component" data-component-parm="{&amp;quot;initialSerialNumber&amp;quot;:null,&amp;quot;categories&amp;quot;:&amp;quot;{6282E2AA-42D2-4682-8645-581196AE490B}|{18EEDAF9-2AED-4EDF-8941-720587910CBB}&amp;quot;}" data-webid="WarrantyLister.Component"&gt;    &lt;div class="container"&gt;
        &lt;div class="row"&gt;
            &lt;div class="col-sm-8"&gt;
                &lt;div class="c-warranty__intro"&gt;
                        &lt;h1&gt;Check your warranty&lt;/h1&gt;
                                
                &lt;/div&gt;
                &lt;div class="c-warranty__form"&gt;
                    &lt;div class="form-row"&gt;
                        &lt;div class="form-group-compact col-md-6" data-selector="validation-group"&gt;
                            &lt;label class="" for="SerialNumber"&gt;Serial number&lt;/label&gt;
                            &lt;input class="form-control c-warranty__number" data-selector="serial-number"
                                   id="SerialNumber" maxlength="220" name="SerialNumber" type="text" data-bind="value: serialNumberInput, valueUpdate: 'afterkeydown'" /&gt;
                            &lt;span class="field-validation-error" style="display: none;" data-bind="visible: showIsRequired"&gt;Please specify a serial number&lt;/span&gt;
                            &lt;span class="field-validation-error" style="display: none;" data-bind="visible: showIsTooShort"&gt;Minimum 6 characters required&lt;/span&gt;
                            &lt;span class="field-validation-error" style="display: none;" data-bind="visible: showIsWrongFormat"&gt;Please enter a valid serial number&lt;/span&gt;
                        &lt;/div&gt;
                        &lt;div class="form-group-compact form-group--no-lbl col-md-5" data-selector="validation-group"&gt;
                            &lt;button type="button" data-bind="click: handleSerialNumberInput"
                                    class="btn btn-primary btn-block btn--icon btn--arrow"&gt;
                                Get info
                                &lt;i style="display: none" class="fa fa-spinner fa-spin margin-left" data-bind="visible: isLoading()"&gt;&lt;/i&gt;
                            &lt;/button&gt;
                        &lt;/div&gt;
                    &lt;/div&gt;
                        &lt;div class="form-row"&gt;
                            &lt;div class="form-group col-md-6"&gt;
                                &lt;a href="/en/about-barco/legal/warranty-policy" class="cta-discrete cta-sm" target="_blank" title="Read our warranty policy" &gt;Read our warranty policy&lt;/a&gt;
                            &lt;/div&gt;
                        &lt;/div&gt;
                &lt;/div&gt;
            &lt;/div&gt;
        &lt;/div&gt;
        &lt;div data-bind="visible: !isLoading()" class="row"&gt;
            &lt;div class="col-sm-12"&gt;
                &lt;div class="c-warranty__lister"&gt;
                    &lt;!-- ko foreach: warrantyItems --&gt;
                    &lt;article class="c-warranty__result-item"&gt;
                        &lt;div class="c-warranty__tile c-result-tile c-bb-tile c-bb-tile--bordered c-bb-tile--alt"&gt;
                            &lt;h2 class="c-result-tile__title"&gt;
                                Warranty results for
                                &lt;span class="c-warranty__number  c-result-tile__highlight" data-bind="text: $root.searchedSerialNumber"&gt;&lt;/span&gt;
                            &lt;/h2&gt;
                            &lt;div class="c-result-tile__details o-media o-media--img-top o-media--img-md-r"&gt;
                                &lt;div class="o-media__img-wrapper c-result-tile__img-wrapper"&gt;
                                    &lt;div class="o-aspect-ratio o-aspect-ratio--product-tile c-result-tile__img-object"&gt;
                                        &lt;div class="o-aspect-ratio__inner"&gt;
                                            &lt;img class="o-aspect-ratio__element" data-bind="attr:{src: $data.imageUrl}" /&gt;
                                        &lt;/div&gt;
                                    &lt;/div&gt;
                                &lt;/div&gt;
                                &lt;div class="o-media__body-wrapper"&gt;
                                    &lt;dl class="c-result-tile__dl"&gt;
                                        &lt;dt&gt;Description&lt;/dt&gt;
                                        &lt;dd&gt;&lt;!-- ko text: description--&gt;&lt;!--/ko--&gt;&lt;/dd&gt;
                                        &lt;dt&gt;Part number&lt;/dt&gt;
                                        &lt;dd&gt;&lt;!-- ko text: partNumber--&gt;&lt;!--/ko--&gt;&lt;/dd&gt;
                                        &lt;!-- ko if: canShowInfo --&gt;
                                        &lt;dt&gt;Delivery date&lt;/dt&gt;
                                        &lt;dd&gt;&lt;!-- ko text: deliveryDate--&gt;&lt;!--/ko--&gt;&lt;/dd&gt;
                                        &lt;dt&gt;Installation date&lt;/dt&gt;
                                        &lt;dd&gt;&lt;!-- ko text: installationDate--&gt;&lt;!--/ko--&gt;&lt;/dd&gt;
                                        &lt;dt&gt;Warranty end date&lt;/dt&gt;
                                        &lt;dd&gt;&lt;!-- ko text: warrantyEndDate--&gt;&lt;!--/ko--&gt;&lt;/dd&gt;
                                        &lt;dt&gt;Service contract end date&lt;/dt&gt;
                                        &lt;dd&gt;&lt;!-- ko text: serviceDate--&gt;&lt;!--/ko--&gt;&lt;/dd&gt;
                                        &lt;!-- /ko --&gt;
                                    &lt;/dl&gt;
                                &lt;/div&gt;

                            &lt;/div&gt;
                        &lt;/div&gt;
                    &lt;/article&gt;
                    &lt;!-- /ko --&gt;
                    
                    &lt;div data-bind="visible: emptyResults()" class="c-bb-tile c-bb-tile--bordered c-bb-tile--alt"&gt;
                        &lt;h2 class="c-result-tile__title"&gt;
                            Warranty results for
                            &lt;span class="c-warranty__number  c-result-tile__highlight" data-bind="text: searchedSerialNumber"&gt;&lt;/span&gt;
                        &lt;/h2&gt;
                        &lt;div data-bind="html: emptyResultText"&gt;&lt;/div&gt;  
                    &lt;/div&gt;
                &lt;/div&gt;
            &lt;/div&gt;
        &lt;/div&gt;
    &lt;/div&gt;
&lt;/section&gt;


&lt;/div&gt;





            
    


&lt;footer class="s-mftr" data-coveo="exclude"&gt;
    &lt;div class="s-mftr__doormat c-section c-section--padding-3"&gt;
        &lt;div class="container"&gt;
            &lt;div class="row"&gt;
                &lt;div class="col-lg-3 col-md-6 col-sm-12"&gt;
                    
&lt;div class="link-list"&gt;
    &lt;h2 class="link-list__title"&gt;
Learn    &lt;/h2&gt;
        &lt;ul class="link-list__links"&gt;
                &lt;li class="link-list__li"&gt;
                    &lt;a href="/en/clickshare/security" class="link-list__link" &gt;ClickShare security&lt;/a&gt;
                &lt;/li&gt;
                &lt;li class="link-list__li"&gt;
                    &lt;a href="/en/clickshare/benefits/it-manager" class="link-list__link" &gt;For IT Manager&lt;/a&gt;
                &lt;/li&gt;
                &lt;li class="link-list__li"&gt;
                    &lt;a href="/en/clickshare/benefits/digital-workplace-manager" class="link-list__link" &gt;For Digital Workplace Manager&lt;/a&gt;
                &lt;/li&gt;
                &lt;li class="link-list__li"&gt;
                    &lt;a href="/en/clickshare/benefits/meeting-room-user" class="link-list__link" &gt;For meeting room user&lt;/a&gt;
                &lt;/li&gt;
                &lt;li class="link-list__li"&gt;
                    &lt;a href="/en/clickshare/compare/wireless-conferencing-vs-wireless-presentation" class="link-list__link" &gt;Wireless conferencing vs wireless presentation&lt;/a&gt;
                &lt;/li&gt;
                &lt;li class="link-list__li"&gt;
                    &lt;a href="/en/clickshare/clickshare-conference-fits-in-your-meeting-room-setup" class="link-list__link" &gt;Meeting room setup&lt;/a&gt;
                &lt;/li&gt;
                &lt;li class="link-list__li"&gt;
                    &lt;a href="/en/clickshare/apps-accessories/smartcare - not in use" class="link-list__link" &gt;Smartcare&lt;/a&gt;
                &lt;/li&gt;
        &lt;/ul&gt;
&lt;/div&gt;
                &lt;/div&gt;
                &lt;div class="col-lg-3 col-md-6 col-sm-12"&gt;
                    
&lt;div class="link-list"&gt;
    &lt;h2 class="link-list__title"&gt;
Explore    &lt;/h2&gt;
        &lt;ul class="link-list__links"&gt;
                &lt;li class="link-list__li"&gt;
                    &lt;a href="/en/clickshare/news" class="link-list__link" &gt;Blog&lt;/a&gt;
                &lt;/li&gt;
                &lt;li class="link-list__li"&gt;
                    &lt;a href="/customer-stories?pg=1&amp;amp;itemId=6282e2aa-42d2-4682-8645-581196ae490b" class="link-list__link" &gt;Customer stories&lt;/a&gt;
                &lt;/li&gt;
                &lt;li class="link-list__li"&gt;
                    &lt;a href="/en/clickshare/alliance-partners/peripherals" class="link-list__link" &gt;Supported Peripherals&lt;/a&gt;
                &lt;/li&gt;
                &lt;li class="link-list__li"&gt;
                    &lt;a href="/en/clickshare/alliance-partners/logitech" class="link-list__link" &gt;Logitech partnership&lt;/a&gt;
                &lt;/li&gt;
                &lt;li class="link-list__li"&gt;
                    &lt;a href="/en/clickshare/byom" class="link-list__link" &gt;BYOM&lt;/a&gt;
                &lt;/li&gt;
                &lt;li class="link-list__li"&gt;
                    &lt;a href="/en/clickshare/compare/clickshare-vs-airtame" class="link-list__link" &gt;Airtame vs ClickShare&lt;/a&gt;
                &lt;/li&gt;
                &lt;li class="link-list__li"&gt;
                    &lt;a href="/en/clickshare/compare/clickshare-vs-mersive" class="link-list__link" &gt;Mersive vs ClickShare&lt;/a&gt;
                &lt;/li&gt;
        &lt;/ul&gt;
&lt;/div&gt;
                &lt;/div&gt;
                &lt;div class="col-lg-3 col-md-6 col-sm-12"&gt;
                    
&lt;div class="link-list"&gt;
    &lt;h2 class="link-list__title"&gt;
Buy    &lt;/h2&gt;
        &lt;ul class="link-list__links"&gt;
                &lt;li class="link-list__li"&gt;
                    &lt;a href="https://www.barco.com/contact/wheretobuy?countrycode=&amp;amp;state=&amp;amp;productid=&amp;amp;pcat={1DD092BE-FD84-4318-86E2-07DFD74261B0}&amp;amp;market=&amp;amp;ptypes=2,3,5" class="link-list__link" &gt;Where to buy?&lt;/a&gt;
                &lt;/li&gt;
                &lt;li class="link-list__li"&gt;
                    &lt;a href="/en/clickshare/compare/wireless-conferencing-range" class="link-list__link" &gt;Wireless conferencing range&lt;/a&gt;
                &lt;/li&gt;
                &lt;li class="link-list__li"&gt;
                    &lt;a href="/en/clickshare/compare/wireless-presentation-range" class="link-list__link" &gt;Wireless presentation range&lt;/a&gt;
                &lt;/li&gt;
        &lt;/ul&gt;
&lt;/div&gt;
                &lt;/div&gt;
                &lt;div class="col-lg-3 col-md-6 col-sm-12"&gt;
                    
&lt;div class="link-list"&gt;
    &lt;h2 class="link-list__title"&gt;
Help    &lt;/h2&gt;
        &lt;ul class="link-list__links"&gt;
                &lt;li class="link-list__li"&gt;
                    &lt;a href="/en/clickshare/app" class="link-list__link" &gt;Download ClickShare app&lt;/a&gt;
                &lt;/li&gt;
                &lt;li class="link-list__li"&gt;
                    &lt;a href="/en/clickshare/support" class="link-list__link" &gt;Support&lt;/a&gt;
                &lt;/li&gt;
                &lt;li class="link-list__li"&gt;
                    &lt;a href="/en/clickshare/support/phone-email-support" class="link-list__link" &gt;Phone &amp;amp; email support&lt;/a&gt;
                &lt;/li&gt;
                &lt;li class="link-list__li"&gt;
                    &lt;a href="/en/clickshare/firmware-update" class="link-list__link" &gt;Firmware update&lt;/a&gt;
                &lt;/li&gt;
                &lt;li class="link-list__li"&gt;
                    &lt;a href="/en/contact" class="link-list__link" &gt;Contact us&lt;/a&gt;
                &lt;/li&gt;
        &lt;/ul&gt;
&lt;/div&gt;


    &lt;div class="c-social-links "&gt;
        
            &lt;ul class="c-social-links-ul "&gt;
                    &lt;li class="c-social-links-li"&gt;
&lt;a href="https://twitter.com/BarcoClickShare" title="ClickShare Twitter" &gt;                            &lt;!-- TODO: find a solution for changing the color --&gt;
                            &lt;i class="icon icon-twitter"&gt;&lt;/i&gt;
&lt;/a&gt;                    &lt;/li&gt;
                    &lt;li class="c-social-links-li"&gt;
&lt;a href="https://www.facebook.com/ClickShareBarco" title="ClickShare Facebook" &gt;                            &lt;!-- TODO: find a solution for changing the color --&gt;
                            &lt;i class="icon icon-facebook"&gt;&lt;/i&gt;
&lt;/a&gt;                    &lt;/li&gt;
                    &lt;li class="c-social-links-li"&gt;
&lt;a href="https://www.linkedin.com/showcase/barco-clickshare" title="ClickShare Linkedin" &gt;                            &lt;!-- TODO: find a solution for changing the color --&gt;
                            &lt;i class="icon icon-linkedin"&gt;&lt;/i&gt;
&lt;/a&gt;                    &lt;/li&gt;
                    &lt;li class="c-social-links-li"&gt;
&lt;a href="https://www.youtube.com/channel/UCNqu3SO32Viuqx441J_8mKw" title="ClickShare YouTube" &gt;                            &lt;!-- TODO: find a solution for changing the color --&gt;
                            &lt;i class="icon icon-youtube"&gt;&lt;/i&gt;
&lt;/a&gt;                    &lt;/li&gt;
                    &lt;li class="c-social-links-li"&gt;
&lt;a href="https://www.barco.com/rss/news.xml" title="Barco RSS" &gt;                            &lt;!-- TODO: find a solution for changing the color --&gt;
                            &lt;i class="icon icon-rss"&gt;&lt;/i&gt;
&lt;/a&gt;                    &lt;/li&gt;
            &lt;/ul&gt;
    &lt;/div&gt;

                &lt;/div&gt;
            &lt;/div&gt;
        &lt;/div&gt;
    &lt;/div&gt;
    &lt;div class="s-mftr__toolbar c-section c-section--padding-0"&gt;
        &lt;div class="container s-mftr__toolbar-content"&gt;
&lt;div class="c-cult-switch__language-btn--wrapper" data-component-class="Snippets.CultureSwitcher" data-component-parm="null" data-webid="Snippets.CultureSwitcher"&gt;    &lt;button class="btn c-cult-switch__language-btn"&gt;
        &lt;span class="c-cult-switch__language-btn-lname"&gt;English&lt;/span&gt;
        &lt;span class="c-cult-switch__language-btn-lcode"&gt;EN&lt;/span&gt;
    &lt;/button&gt;
    &lt;button class="btn c-cult-switch__country-btn"&gt;
        &lt;span class="c-cult-switch__country-btn-cflag flag-icon" style="background-image: url(/assets/img/flags/4x3/tw.svg"&gt;&lt;/span&gt;
        &lt;span class="c-cult-switch__country-btn-cname"&gt;Taiwan, China&lt;/span&gt;
    &lt;/button&gt;
&lt;/div&gt;

            &lt;div class="s-mftr__flinks"&gt;
                    &lt;div class="s-mftr__flink s-mftr__about-barco"&gt;
                        &lt;a href="/en/about-barco" class="s-mftr__toolbar-link" &gt;About Barco&lt;/a&gt;
                    &lt;/div&gt;
                                    &lt;div class="s-mftr__flink s-mftr__privacy-policy"&gt;
                        &lt;a href="/en/about-barco/legal/privacy-policy" class="s-mftr__toolbar-link" &gt;Privacy policy&lt;/a&gt;
                    &lt;/div&gt;
                                    &lt;div class="s-mftr__flink s-mftr__cookie-policy"&gt;
                        &lt;a href="/en/about-barco/legal/cookie-policy" class="s-mftr__toolbar-link" &gt;Cookie policy&lt;/a&gt;
                        &amp;nbsp;
                        (&lt;a data-trigger="CookiePreferences" href="#" class="s-mftr__toolbar-link"&gt;Cookie preferences&lt;/a&gt;)
                    &lt;/div&gt;
            &lt;/div&gt;
                &lt;div class="s-mftr__copyright"&gt;
                    &lt;a href="/en/about-barco/legal" class="s-mftr__toolbar-link" &gt;&amp;#169; 2021 All rights reserved&lt;/a&gt;
                &lt;/div&gt;
        &lt;/div&gt;
    &lt;/div&gt;
&lt;/footer&gt;


            

    &lt;script src="https://az877327.vo.msecnd.net/scriptsbundles/main?v=HZ3iD9w0_XrwDRolT6PMUdEN0PvmG0zRZ9vUC7kvWyg1&amp;type=script.js"&gt;&lt;/script&gt;
&lt;script src="https://az877327.vo.msecnd.net/scriptsbundles/clickshare?v=M3wmeukWALy3n-4J0PGwR2FuJdfKvVMGwJRZzn898Nc1&amp;type=script.js"&gt;&lt;/script&gt;
&lt;script src="https://az877327.vo.msecnd.net/scriptsbundles/warrantylister?v=2qd2N5BjR6xP90PrbTrghQSx0xgU9zBDiyaSGHhkON81&amp;type=script.js"&gt;&lt;/script&gt;
&lt;script src="https://az877327.vo.msecnd.net/scriptsbundles/minisiteglobalheader?v=BPse3V8BbIMxxIquqinpRk0ZgCEyXNlODW86K5plVhA1&amp;type=script.js"&gt;&lt;/script&gt;
&lt;script src="https://az877327.vo.msecnd.net/scriptsbundles/minisiteheader?v=LOmngw3ul5Me7IpFaMZGukt7cBiVPdHwdiJKLxDe6XM1&amp;type=script.js"&gt;&lt;/script&gt;
&lt;script src="https://az877327.vo.msecnd.net/scriptsbundles/aos?v=dk5KQ4VJO13eK9rNLWC0-5HpbYDUmHUt65VTbVNewFw1&amp;type=script.js"&gt;&lt;/script&gt;




            
        &lt;/div&gt;
    &lt;/body&gt;
&lt;/html&gt;</msg>
<status status="PASS" starttime="20210827 15:11:37.876" endtime="20210827 15:11:38.947"/>
</kw>
<status status="PASS" starttime="20210827 15:11:37.876" endtime="20210827 15:11:38.947"/>
</test>
<status status="PASS" starttime="20210827 15:11:23.649" endtime="20210827 15:11:38.963"/>
</suite>
<status status="PASS" starttime="20210827 15:11:23.618" endtime="20210827 15:11:38.963"/>
</suite>
<statistics>
<total>
<stat pass="11" fail="0" skip="0">All Tests</stat>
</total>
<tag>
</tag>
<suite>
<stat pass="11" fail="0" skip="0" id="s1" name="Robot Tests">Robot Tests</stat>
<stat pass="11" fail="0" skip="0" id="s1-s1" name="Robot Test Features">Robot Tests.Robot Test Features</stat>
</suite>
</statistics>
<errors>
</errors>
</robot>
